2013-04-29T13:12:40.686988+00:00 app[web.1]:     10:   </head>
2013-04-29T13:12:40.686988+00:00 app[web.1]:     7:     <%= javascript_include_tag "jquery.mobile.min" %>
2013-04-29T13:12:40.686988+00:00 app[web.1]:     9:     <%= csrf_meta_tags %>
2013-04-29T13:12:40.687264+00:00 app[web.1]: 
2013-04-29T13:12:40.686988+00:00 app[web.1]:   app/views/layouts/application.mobile.erb:7:in `_app_views_layouts_application_mobile_erb___4098910299730660331_52951060'
2013-04-29T13:12:40.692722+00:00 heroku[router]: at=info method=GET path=/ host=young-wildwood-7107.herokuapp.com fwd="49.98.167.42" dyno=web.1 connect=7ms service=21ms status=500 bytes=643
2013-04-29T13:13:46.778216+00:00 app[web.1]: 
2013-04-29T13:13:46.776032+00:00 app[web.1]: Completed 500 Internal Server Error in 6ms
2013-04-29T13:13:46.778533+00:00 app[web.1]: 
2013-04-29T13:13:46.774436+00:00 app[web.1]:   Rendered static_pages/home.mobile.erb within layouts/application (2.0ms)
2013-04-29T13:13:46.778533+00:00 app[web.1]: 
2013-04-29T13:13:46.778216+00:00 app[web.1]:     10:   </head>
2013-04-29T13:13:46.778216+00:00 app[web.1]:   app/views/layouts/application.mobile.erb:7:in `_app_views_layouts_application_mobile_erb___4098910299730660331_52951060'
2013-04-29T13:13:46.778216+00:00 app[web.1]:     5: 	<meta name="viewport" content="width=device-width, initial-scale=1">
2013-04-29T13:13:46.769769+00:00 app[web.1]: Processing by StaticPagesController#home as HTML
2013-04-29T13:13:46.778216+00:00 app[web.1]:     8:     <%= stylesheet_link_tag    "jquery.mobile.min.css" %>
2013-04-29T13:13:46.778216+00:00 app[web.1]: ActionView::Template::Error (jquery.mobile.min.js isn't precompiled):
2013-04-29T13:13:46.778216+00:00 app[web.1]:     9:     <%= csrf_meta_tags %>
2013-04-29T13:13:46.778216+00:00 app[web.1]:     7:     <%= javascript_include_tag "jquery.mobile.min" %>
2013-04-29T13:13:46.767640+00:00 app[web.1]: Started GET "/" for 49.98.167.42 at 2013-04-29 13:13:46 +0000
2013-04-29T13:13:46.778216+00:00 app[web.1]:     4:     <title>Mobile! <%= full_title(yield(:title)) %></title>
2013-04-29T13:13:46.778216+00:00 app[web.1]:     6:     <%= javascript_include_tag "application" %>
2013-04-29T13:13:46.776486+00:00 heroku[router]: at=info method=GET path=/ host=young-wildwood-7107.herokuapp.com fwd="49.98.167.42" dyno=web.1 connect=1ms service=15ms status=500 bytes=643
2013-04-29T13:13:50.393187+00:00 app[web.1]: 
2013-04-29T13:13:50.392916+00:00 app[web.1]:   app/views/layouts/application.mobile.erb:7:in `_app_views_layouts_application_mobile_erb___4098910299730660331_52951060'
2013-04-29T13:13:50.393187+00:00 app[web.1]: 
2013-04-29T13:13:50.372691+00:00 app[web.1]: Started GET "/" for 49.98.167.42 at 2013-04-29 13:13:50 +0000
2013-04-29T13:13:50.381373+00:00 app[web.1]: Processing by StaticPagesController#home as HTML
2013-04-29T13:13:50.392916+00:00 app[web.1]:     5: 	<meta name="viewport" content="width=device-width, initial-scale=1">
2013-04-29T13:13:50.384996+00:00 app[web.1]:   Rendered static_pages/home.mobile.erb within layouts/application (1.2ms)
2013-04-29T13:13:50.392916+00:00 app[web.1]:     7:     <%= javascript_include_tag "jquery.mobile.min" %>
2013-04-29T13:13:50.391436+00:00 app[web.1]: Completed 500 Internal Server Error in 10ms
2013-04-29T13:13:50.392916+00:00 app[web.1]:     4:     <title>Mobile! <%= full_title(yield(:title)) %></title>
2013-04-29T13:13:50.392916+00:00 app[web.1]: 
2013-04-29T13:13:50.392916+00:00 app[web.1]: ActionView::Template::Error (jquery.mobile.min.js isn't precompiled):
2013-04-29T13:13:50.392916+00:00 app[web.1]:     6:     <%= javascript_include_tag "application" %>
2013-04-29T13:13:50.392916+00:00 app[web.1]:     9:     <%= csrf_meta_tags %>
2013-04-29T13:13:50.392916+00:00 app[web.1]:     8:     <%= stylesheet_link_tag    "jquery.mobile.min.css" %>
2013-04-29T13:13:50.392916+00:00 app[web.1]:     10:   </head>
2013-04-29T13:13:50.390930+00:00 heroku[router]: at=info method=GET path=/ host=young-wildwood-7107.herokuapp.com fwd="49.98.167.42" dyno=web.1 connect=1ms service=33ms status=500 bytes=643
2013-04-29T13:13:50.652800+00:00 heroku[router]: at=info method=GET path=/favicon.ico host=young-wildwood-7107.herokuapp.com fwd="49.98.167.42" dyno=web.1 connect=1ms service=11ms status=200 bytes=0
2013-04-29T13:13:53.990244+00:00 app[web.1]: Started GET "/" for 49.98.167.42 at 2013-04-29 13:13:53 +0000
2013-04-29T13:13:53.992229+00:00 app[web.1]: Processing by StaticPagesController#home as HTML
2013-04-29T13:13:53.996387+00:00 app[web.1]:   Rendered static_pages/home.mobile.erb within layouts/application (1.2ms)
2013-04-29T13:13:53.997339+00:00 app[web.1]: Completed 500 Internal Server Error in 5ms
2013-04-29T13:13:53.998598+00:00 app[web.1]: ActionView::Template::Error (jquery.mobile.min.js isn't precompiled):
2013-04-29T13:13:53.998598+00:00 app[web.1]:     5: 	<meta name="viewport" content="width=device-width, initial-scale=1">
2013-04-29T13:13:53.998598+00:00 app[web.1]:     6:     <%= javascript_include_tag "application" %>
2013-04-29T13:13:53.997661+00:00 heroku[router]: at=info method=GET path=/ host=young-wildwood-7107.herokuapp.com fwd="49.98.167.42" dyno=web.1 connect=0ms service=12ms status=500 bytes=643
2013-04-29T13:13:53.998598+00:00 app[web.1]:     8:     <%= stylesheet_link_tag    "jquery.mobile.min.css" %>
2013-04-29T13:13:53.998598+00:00 app[web.1]:     7:     <%= javascript_include_tag "jquery.mobile.min" %>
2013-04-29T13:13:53.998598+00:00 app[web.1]: 
2013-04-29T13:13:53.998598+00:00 app[web.1]:     4:     <title>Mobile! <%= full_title(yield(:title)) %></title>
2013-04-29T13:13:53.998598+00:00 app[web.1]:     9:     <%= csrf_meta_tags %>
2013-04-29T13:13:53.998598+00:00 app[web.1]:     10:   </head>
2013-04-29T13:13:53.998598+00:00 app[web.1]:   app/views/layouts/application.mobile.erb:7:in `_app_views_layouts_application_mobile_erb___4098910299730660331_52951060'
2013-04-29T13:13:53.998862+00:00 app[web.1]: 
2013-04-29T13:13:53.998862+00:00 app[web.1]: 
2013-04-29T13:13:54.230960+00:00 heroku[router]: at=info method=GET path=/favicon.ico host=young-wildwood-7107.herokuapp.com fwd="49.98.167.42" dyno=web.1 connect=1ms service=7ms status=200 bytes=0
2013-04-29T13:14:32.632982+00:00 app[web.1]: Started GET "/" for 49.98.167.42 at 2013-04-29 13:14:32 +0000
2013-04-29T13:14:32.636016+00:00 app[web.1]: Processing by StaticPagesController#home as HTML
2013-04-29T13:14:32.642874+00:00 app[web.1]:     4:     <title>Mobile! <%= full_title(yield(:title)) %></title>
2013-04-29T13:14:32.640386+00:00 app[web.1]:   Rendered static_pages/home.mobile.erb within layouts/application (1.3ms)
2013-04-29T13:14:32.641407+00:00 app[web.1]: Completed 500 Internal Server Error in 5ms
2013-04-29T13:14:32.642874+00:00 app[web.1]: ActionView::Template::Error (jquery.mobile.min.js isn't precompiled):
2013-04-29T13:14:32.643883+00:00 heroku[router]: at=info method=GET path=/ host=young-wildwood-7107.herokuapp.com fwd="49.98.167.42" dyno=web.1 connect=2ms service=16ms status=500 bytes=643
2013-04-29T13:14:32.642874+00:00 app[web.1]:     5: 	<meta name="viewport" content="width=device-width, initial-scale=1">
2013-04-29T13:14:32.642874+00:00 app[web.1]: 
2013-04-29T13:14:32.642874+00:00 app[web.1]:     10:   </head>
2013-04-29T13:14:32.642874+00:00 app[web.1]:   app/views/layouts/application.mobile.erb:7:in `_app_views_layouts_application_mobile_erb___4098910299730660331_52951060'
2013-04-29T13:14:32.642874+00:00 app[web.1]:     9:     <%= csrf_meta_tags %>
2013-04-29T13:14:32.642874+00:00 app[web.1]:     6:     <%= javascript_include_tag "application" %>
2013-04-29T13:14:32.643347+00:00 app[web.1]: 
2013-04-29T13:14:32.643347+00:00 app[web.1]: 
2013-04-29T13:14:32.642874+00:00 app[web.1]:     7:     <%= javascript_include_tag "jquery.mobile.min" %>
2013-04-29T13:14:32.642874+00:00 app[web.1]:     8:     <%= stylesheet_link_tag    "jquery.mobile.min.css" %>
2013-04-29T13:14:32.916947+00:00 heroku[router]: at=info method=GET path=/favicon.ico host=young-wildwood-7107.herokuapp.com fwd="49.98.167.42" dyno=web.1 connect=
1ms service=7ms status=200 bytes=0
2013-04-29T13:16:41.815659+00:00 heroku[router]: at=info method=POST path=/signout host=young-wildwood-7107.herokuapp.com fwd="58.188.175.227" dyno=web.1 connect=8ms service=9ms status=302 bytes=107
2013-04-29T13:16:41.816000+00:00 app[web.1]: Completed 302 Found in 1ms (ActiveRecord: 0.0ms)
2013-04-29T13:16:41.815943+00:00 app[web.1]: Redirected to http://young-wildwood-7107.herokuapp.com/
2013-04-29T13:16:41.815189+00:00 app[web.1]: Processing by SessionsController#destroy as HTML
2013-04-29T13:16:41.815189+00:00 app[web.1]:   Parameters: {"authenticity_token"=>"UNyazsxe4QWuCYFTRP8iiJRN/vEk216k9u3Y3Etx3Z4="}
2013-04-29T13:16:41.813252+00:00 app[web.1]: Started DELETE "/signout" for 58.188.175.227 at 2013-04-29 13:16:41 +0000
2013-04-29T13:16:42.032654+00:00 heroku[router]: at=info method=GET path=/ host=young-wildwood-7107.herokuapp.com fwd="58.188.175.227" dyno=web.1 connect=1ms service=11ms status=200 bytes=1752
2013-04-29T13:16:42.031404+00:00 app[web.1]:   Rendered layouts/_header.html.erb (0.9ms)
2013-04-29T13:16:42.029369+00:00 app[web.1]:   Rendered static_pages/home.html.erb within layouts/application (0.7ms)
2013-04-29T13:16:42.030347+00:00 app[web.1]:   Rendered layouts/_shim.html.erb (0.0ms)
2013-04-29T13:16:42.031936+00:00 app[web.1]: Completed 200 OK in 5ms (Views: 3.7ms | ActiveRecord: 0.8ms)
2013-04-29T13:16:42.024873+00:00 app[web.1]: Started GET "/" for 58.188.175.227 at 2013-04-29 13:16:42 +0000
2013-04-29T13:16:42.026729+00:00 app[web.1]: Processing by StaticPagesController#home as HTML
2013-04-29T13:16:42.031936+00:00 app[web.1]:   Rendered layouts/_footer.html.erb (0.3ms)
2013-04-29T13:16:42.282039+00:00 heroku[router]: at=info method=GET path=/assets/application-49e18f98fbe9c19982b076a1b6a7dbcf.css host=young-wildwood-7107.herokuapp.com fwd="58.188.175.227" dyno=web.1 connect=9ms service=7ms status=304 bytes=0
2013-04-29T13:16:42.663005+00:00 heroku[router]: at=info method=GET path=/assets/yanmar-f02c9f93ab30ba99f5ce4696e9fe4c3c.jpg host=young-wildwood-7107.herokuapp.com fwd="58.188.175.227" dyno=web.1 connect=0ms service=3ms status=304 bytes=0
2013-04-29T14:18:38.133157+00:00 heroku[web.1]: Idling
2013-04-29T14:18:41.893810+00:00 heroku[web.1]: Stopping all processes with SIGTERM
2013-04-29T14:18:42.832257+00:00 app[web.1]: [2013-04-29 14:18:42] ERROR SignalException: SIGTERM
2013-04-29T14:18:42.832257+00:00 app[web.1]: 	/usr/local/lib/ruby/1.9.1/webrick/server.rb:90:in `select'
2013-04-29T14:18:52.591907+00:00 heroku[web.1]: Error R12 (Exit timeout) -> At least one process failed to exit within 10 seconds of SIGTERM
2013-04-29T14:18:52.592648+00:00 heroku[web.1]: Stopping remaining processes with SIGKILL
2013-04-29T14:18:54.605988+00:00 heroku[web.1]: Process exited with status 137
2013-04-29T14:18:54.621638+00:00 heroku[web.1]: State changed from up to down
