2013-04-25T01:41:04.508097+00:00 app[web.1]: LINE 1: SELECT fo_ed.*
2013-04-25T01:41:04.508389+00:00 app[web.1]:                     ON fo_ed.id = takens.user_id
2013-04-25T01:41:04.508389+00:00 app[web.1]:   app/controllers/users_controller.rb:55:in `following'
2013-04-25T01:41:04.508389+00:00 app[web.1]: 
2013-04-25T01:41:04.508389+00:00 app[web.1]: 
2013-04-25T01:41:04.508097+00:00 app[web.1]: 
2013-04-25T01:41:04.508097+00:00 app[web.1]: ActiveRecord::StatementInvalid (PG::Error: ERROR:  column "fo_ed.name" must appear in the GROUP BY clause or be used in an aggregate function
2013-04-25T01:41:04.508097+00:00 app[web.1]:                ^
2013-04-25T01:41:04.508097+00:00 app[web.1]:                       SELECT users.* from users
2013-04-25T01:41:04.508097+00:00 app[web.1]:                       ON users.id = followed_id
2013-04-25T01:41:04.508389+00:00 app[web.1]:                       ) fo_ed
2013-04-25T01:41:04.508389+00:00 app[web.1]:                       WHERE follower_id = (101)
2013-04-25T01:41:04.508389+00:00 app[web.1]:                     LEFT JOIN takens
2013-04-25T01:41:04.508389+00:00 app[web.1]:                     GROUP BY fo_ed.id
2013-04-25T01:41:04.508097+00:00 app[web.1]:                       (
2013-04-25T01:41:04.508097+00:00 app[web.1]:                     FROM 
2013-04-25T01:41:04.508097+00:00 app[web.1]:                       INNER JOIN relationships
2013-04-25T01:41:04.508389+00:00 app[web.1]:                     ORDER BY count(takens.user_id) DESC):
2013-04-25T01:41:04.508097+00:00 app[web.1]: : SELECT fo_ed.*
2013-04-25T01:41:04.508389+00:00 app[web.1]:   app/models/user.rb:72:in `sort_following_by_taken'
2013-04-25T01:41:04.530597+00:00 heroku[router]: at=info method=GET path=/users/101/following host=young-wildwood-7107.herokuapp.com fwd="192.168.255.64, 210.159.102.145" dyno=web.1 connect=2ms service=56ms status=500 bytes=643
2013-04-25T02:43:45.988887+00:00 heroku[web.1]: Idling
2013-04-25T02:43:49.178437+00:00 heroku[web.1]: Stopping all processes with SIGTERM
2013-04-25T02:43:50.326609+00:00 app[web.1]: [2013-04-25 02:43:50] ERROR SignalException: SIGTERM
2013-04-25T02:43:50.326609+00:00 app[web.1]: 	/usr/local/lib/ruby/1.9.1/webrick/server.rb:90:in `select'
2013-04-25T02:43:59.064185+00:00 heroku[web.1]: Error R12 (Exit timeout) -> At least one process failed to exit within 10 seconds of SIGTERM
2013-04-25T02:43:59.064185+00:00 heroku[web.1]: Stopping remaining processes with SIGKILL
2013-04-25T02:44:00.777126+00:00 heroku[web.1]: Process exited with status 137
2013-04-25T02:44:00.788975+00:00 heroku[web.1]: State changed from up to down
2013-04-29T11:43:36.225389+00:00 heroku[web.1]: Unidling
2013-04-29T11:43:36.227287+00:00 heroku[web.1]: State changed from down to starting
2013-04-29T11:43:37.747645+00:00 heroku[web.1]: Starting process with command `bundle exec rails server -p 4793`
2013-04-29T11:43:41.320039+00:00 app[web.1]: DEPRECATION WARNING: You have Rails 2.3-style plugins in vendor/plugins! Support for these plugins will be removed in Rails 4.0. Move them out and bundle them in your Gemfile, or fold them in to your app as lib/myplugin/* and config/initializers/myplugin.rb. See the release notes for more on this: http://weblog.rubyonrails.org/2012/1/4/rails-3-2-0-rc2-has-been-released. (called from <top (required)> at /app/config/environment.rb:5)
2013-04-29T11:43:41.320134+00:00 app[web.1]: DEPRECATION WARNING: You have Rails 2.3-style plugins in vendor/plugins! Support for these plugins will be removed in Rails 4.0. Move them out and bundle them in your Gemfile, or fold them in to your app as lib/myplugin/* and config/initializers/myplugin.rb. See the release notes for more on this: http://weblog.rubyonrails.org/2012/1/4/rails-3-2-0-rc2-has-been-released. (called from <top (required)> at /app/config/environment.rb:5)
2013-04-29T11:43:44.237907+00:00 app[web.1]: => Booting WEBrick
2013-04-29T11:43:44.237907+00:00 app[web.1]: => Rails 3.2.11 application starting in production on http://0.0.0.0:4793
2013-04-29T11:43:44.237907+00:00 app[web.1]: => Ctrl-C to shutdown server
2013-04-29T11:43:44.237907+00:00 app[web.1]: Connecting to database specified by DATABASE_URL
2013-04-29T11:43:44.237907+00:00 app[web.1]: => Call with -d to detach
2013-04-29T11:43:44.603298+00:00 app[web.1]: [2013-04-29 11:43:44] INFO  WEBrick 1.3.1
2013-04-29T11:43:44.603298+00:00 app[web.1]: [2013-04-29 11:43:44] INFO  ruby 1.9.2 (2011-07-09) [x86_64-linux]
2013-04-29T11:43:44.603600+00:00 app[web.1]: [2013-04-29 11:43:44] INFO  WEBrick::HTTPServer#start: pid=2 port=4793
2013-04-29T11:43:44.725501+00:00 heroku[web.1]: State changed from starting to up
2013-04-29T11:43:45.307449+00:00 app[web.1]: Started GET "/" for 58.188.175.227 at 2013-04-29 11:43:45 +0000
2013-04-29T11:43:45.453109+00:00 app[web.1]: Processing by StaticPagesController#home as HTML
2013-04-29T11:43:46.021390+00:00 app[web.1]:   Rendered shared/_user_info.html.erb (34.9ms)
2013-04-29T11:43:46.246876+00:00 app[web.1]:   Rendered shared/_stats.html.erb (224.8ms)
2013-04-29T11:43:46.250988+00:00 app[web.1]:   Rendered shared/_error_messages.html.erb (0.5ms)
2013-04-29T11:43:46.252408+00:00 app[web.1]:   Rendered shared/_micropost_form.html.erb (4.9ms)
2013-04-29T11:43:46.264311+00:00 app[web.1]:   Rendered shared/_take_test.html.erb (11.4ms)
2013-04-29T11:43:46.899241+00:00 app[web.1]:   Rendered layouts/_shim.html.erb (0.3ms)
2013-04-29T11:43:46.896599+00:00 app[web.1]:   Rendered static_pages/home.html.erb within layouts/application (944.3ms)
2013-04-29T11:43:46.888622+00:00 app[web.1]:   Rendered shared/_feed_item.html.erb (610.3ms)
2013-04-29T11:43:46.896599+00:00 app[web.1]:   Rendered shared/_feed.html.erb (631.6ms)
2013-04-29T11:43:46.911873+00:00 app[web.1]:   Rendered layouts/_footer.html.erb (0.9ms)
2013-04-29T11:43:46.910308+00:00 app[web.1]:   Rendered layouts/_header.html.erb (10.5ms)
2013-04-29T11:43:46.912033+00:00 app[web.1]: Completed 200 OK 
in 1459ms (Views: 848.1ms | ActiveRecord: 479.1ms)
2013-04-29T11:43:46.921623+00:00 heroku[router]: at=info method=GET path=/ host=young-wildwood-7107.herokuapp.com fwd="58.188.175.227" dyno=web.1 connect=2ms service=1627ms status=200 bytes=18484
2013-04-29T11:43:47.342292+00:00 heroku[router]: at=info method=GET path=/assets/application-e9f6bb2e363c51b5e4e752d4148385db.css host=young-wildwood-7107.herokuapp.com fwd="58.188.175.227" dyno=web.1 connect=2ms service=28ms status=200 bytes=98820
2013-04-29T11:43:47.455993+00:00 heroku[router]: at=info method=GET path=/assets/application-e40ced72cc6173c51302dbb294d36324.js host=young-wildwood-7107.herokuapp.com fwd="58.188.175.227" dyno=web.1 connect=2ms service=54ms status=200 bytes=126078
2013-04-29T11:43:49.976082+00:00 heroku[router]: at=info method=GET path=/favicon.ico host=young-wildwood-7107.herokuapp.com fwd="58.188.175.227" dyno=web.1 connect=1ms service=6ms status=200 bytes=0
2013-04-29T11:43:55.347991+00:00 app[web.1]: Started GET "/" for 58.188.175.227 at 2013-04-29 11:43:55 +0000
2013-04-29T11:43:55.352203+00:00 app[web.1]: Processing by StaticPagesController#home as HTML
2013-04-29T11:43:55.362448+00:00 app[web.1]:   Rendered shared/_user_info.html.erb (4.5ms)
2013-04-29T11:43:55.372271+00:00 app[web.1]:   Rendered shared/_stats.html.erb (9.7ms)
2013-04-29T11:43:55.372774+00:00 app[web.1]:   Rendered shared/_error_messages.html.erb (0.0ms)
2013-04-29T11:43:55.373383+00:00 app[web.1]:   Rendered shared/_micropost_form.html.erb (1.0ms)
2013-04-29T11:43:55.376421+00:00 app[web.1]:   Rendered shared/_take_test.html.erb (2.9ms)
2013-04-29T11:43:55.431064+00:00 app[web.1]:   Rendered shared/_feed_item.html.erb (45.1ms)
2013-04-29T11:43:55.432276+00:00 app[web.1]:   Rendered static_pages/home.html.erb within layouts/application (74.7ms)
2013-04-29T11:43:55.434842+00:00 app[web.1]:   Rendered layouts/_header.html.erb (1.1ms)
2013-04-29T11:43:55.433586+00:00 app[web.1]:   Rendered layouts/_shim.html.erb (0.0ms)
2013-04-29T11:43:55.432276+00:00 app[web.1]:   Rendered shared/_feed.html.erb (55.7ms)
2013-04-29T11:43:55.436396+00:00 app[web.1]: Completed 200 OK in 84ms (Views: 55.5ms | ActiveRecord: 26.6ms)
2013-04-29T11:43:55.436187+00:00 app[web.1]:   Rendered layouts/_footer.html.erb (0.3ms)
2013-04-29T11:43:55.469272+00:00 heroku[router]: at=info method=GET path=/ host=young-wildwood-7107.herokuapp.com fwd="58.188.175.227" dyno=web.1 connect=2ms service=95ms status=304 bytes=0
2013-04-29T11:43:59.464384+00:00 app[web.1]: Started GET "/users/3/followers" for 58.188.175.227 at 2013-04-29 11:43:59 +0000
2013-04-29T11:43:59.468836+00:00 app[web.1]:   Parameters: {"id"=>"3"}
2013-04-29T11:43:59.468693+00:00 app[web.1]: Processing by UsersController#followers as HTML
2013-04-29T11:43:59.497312+00:00 app[web.1]: 
2013-04-29T11:43:59.497312+00:00 app[web.1]:                       SELECT users.* from users
2013-04-29T11:43:59.497562+00:00 app[web.1]:                     ON fo_ed.id = takens.user_id
2013-04-29T11:43:59.497312+00:00 app[web.1]:                     FROM 
2013-04-29T11:43:59.497562+00:00 app[web.1]:                     GROUP BY fo_ed.id
2013-04-29T11:43:59.497562+00:00 app[web.1]:                     ORDER BY count(takens.user_id) DESC):
2013-04-29T11:43:59.497562+00:00 app[web.1]:   app/models/user.rb:90:in `sort_follower_by_taken'
2013-04-29T11:43:59.497562+00:00 app[web.1]: 
2013-04-29T11:43:59.497562+00:00 app[web.1]:                     LEFT JOIN takens
2013-04-29T11:43:59.497312+00:00 app[web.1]:                       INNER JOIN relationships
2013-04-29T11:43:59.497312+00:00 app[web.1]:                       ON users.id = follower_id
2013-04-29T11:43:59.497562+00:00 app[web.1]:                       ) fo_ed
2013-04-29T11:43:59.496057+00:00 app[web.1]: Completed 500 Internal Server Error in 27ms
2013-04-29T11:43:59.497312+00:00 app[web.1]:                ^
2013-04-29T11:43:59.497312+00:00 app[web.1]: : SELECT fo_ed.*
2013-04-29T11:43:59.497312+00:00 app[web.1]:                       (
2013-04-29T11:43:59.497562+00:00 app[web.1]: 
2013-04-29T11:43:59.497312+00:00 app[web.1]: ActiveRecord::StatementInvalid (PG::Error: ERROR:  column "fo_ed.name" must appear in the GROUP BY clause or be used in an aggregate function
2013-04-29T11:43:59.497312+00:00 app[web.1]: LINE 1: SELECT fo_ed.*
2013-04-29T11:43:59.497562+00:00 app[web.1]:                       WHERE followed_id = (3)
2013-04-29T11:43:59.497562+00:00 app[web.1]:   app/controllers/users_controller.rb:70:in `followers'
2013-04-29T11:43:59.499850+00:00 heroku[router]: at=info method=GET path=/users/3/followers host=young-wildwood-7107.herokuapp.com fwd="58.188.175.227" dyno=web.1 connect=2ms service=39ms status=500 bytes=643
