2013-05-11T05:36:16.811100+00:00 app[web.1]:   vendor/bundle/ruby/1.9.1/gems/actionpack-3.2.11/lib/action_dispatch/middleware/show_exceptions.rb:56:in `call'
2013-05-11T05:36:16.811100+00:00 app[web.1]:   vendor/bundle/ruby/1.9.1/gems/actionpack-3.2.11/lib/action_dispatch/middleware/request_id.rb:22:in `call'
2013-05-11T05:36:16.811100+00:00 app[web.1]:   vendor/bundle/ruby/1.9.1/gems/activesupport-3.2.11/lib/active_support/cache/strategy/local_cache.rb:72:in `call'
2013-05-11T05:36:16.811100+00:00 app[web.1]:   vendor/bundle/ruby/1.9.1/gems/actionpack-3.2.11/lib/action_dispatch/middleware/debug_exceptions.rb:16:in `call'
2013-05-11T05:36:16.811100+00:00 app[web.1]:   vendor/bundle/ruby/1.9.1/gems/railties-3.2.11/lib/rails/rack/logger.rb:16:in `block in call'
2013-05-11T05:36:16.811100+00:00 app[web.1]:   vendor/bundle/ruby/1.9.1/gems/activesupport-3.2.11/lib/active_support/tagged_logging.rb:22:in `tagged'
2013-05-11T05:36:16.811310+00:00 app[web.1]:   vendor/bundle/ruby/1.9.1/gems/rack-cache-1.2/lib/rack/cache/context.rb:136:in `forward'
2013-05-11T05:36:16.811310+00:00 app[web.1]:   vendor/bundle/ruby/1.9.1/gems/rack-1.4.5/lib/rack/content_length.rb:14:in `call'
2013-05-11T05:36:16.811519+00:00 app[web.1]:   /usr/local/lib/ruby/1.9.1/webrick/httpserver.rb:70:in `run'
2013-05-11T05:36:16.811310+00:00 app[web.1]:   vendor/bundle/ruby/1.9.1/gems/railties-3.2.11/lib/rails/engine.rb:479:in `call'
2013-05-11T05:36:16.811519+00:00 app[web.1]:   vendor/bundle/ruby/1.9.1/gems/rack-1.4.5/lib/rack/handler/webrick.rb:59:in `service'
2013-05-11T05:36:16.811519+00:00 app[web.1]: 
2013-05-11T05:36:16.811310+00:00 app[web.1]:   vendor/bundle/ruby/1.9.1/gems/railties-3.2.11/lib/rails/application.rb:223:in `call'
2013-05-11T05:36:16.811519+00:00 app[web.1]:   /usr/local/lib/ruby/1.9.1/webrick/httpserver.rb:111:in `service'
2013-05-11T05:36:16.811310+00:00 app[web.1]:   vendor/bundle/ruby/1.9.1/gems/rack-cache-1.2/lib/rack/cache/context.rb:51:in `call'
2013-05-11T05:36:16.811519+00:00 app[web.1]:   /usr/local/lib/ruby/1.9.1/webrick/server.rb:183:in `block in start_thread'
2013-05-11T05:36:16.811100+00:00 app[web.1]:   vendor/bundle/ruby/1.9.1/gems/railties-3.2.11/lib/rails/rack/logger.rb:16:in `call'
2013-05-11T05:36:16.811519+00:00 app[web.1]: 
2013-05-11T05:36:16.811519+00:00 app[web.1]:   vendor/bundle/ruby/1.9.1/gems/railties-3.2.11/lib/rails/rack/log_tailer.rb:17:in `call'
2013-05-11T05:36:17.110458+00:00 heroku[router]: at=info method=GET path=/favicon.ico host=young-wildwood-7107.herokuapp.com fwd="121.82.154.52" dyno=web.1 connect=1ms service=19ms status=200 bytes=0
2013-05-11T05:36:23.966510+00:00 heroku[router]: at=info method=GET path=/ host=young-wildwood-7107.herokuapp.com fwd="121.82.154.52" dyno=web.1 connect=4ms service=10ms status=500 bytes=643
2013-05-11T05:36:23.971541+00:00 app[web.1]: Completed 500 Internal Server Error in 0ms
2013-05-11T05:36:23.967252+00:00 app[web.1]: Started GET "/" for 121.82.154.52 at 2013-05-11 05:36:23 +0000
2013-05-11T05:36:23.973548+00:00 app[web.1]: 
2013-05-11T05:36:23.973548+00:00 app[web.1]: NoMethodError (undefined method `[]' for nil:NilClass):
2013-05-11T05:36:23.971238+00:00 app[web.1]: Processing by StaticPagesController#home as HTML
2013-05-11T05:36:23.973548+00:00 app[web.1]:   vendor/bundle/ruby/1.9.1/gems/mobylette-3.4.0/lib/mobylette/respond_to_mobile_requests.rb:207:in `handle_mobile'
2013-05-11T05:36:23.973548+00:00 app[web.1]:   vendor/bundle/ruby/1.9.1/gems/mobylette-3.4.0/lib/mobylette/respond_to_mobile_requests.rb:141:in `is_mobile_request?'
2013-05-11T05:36:23.973548+00:00 app[web.1]:   vendor/bundle/ruby/1.9.1/gems/mobylette-3.4.0/lib/mobylette/respond_to_mobile_requests.rb:163:in `respond_as_mobile?'
2013-05-11T05:36:23.973548+00:00 app[web.1]:   vendor/bundle/ruby/1.9.1/gems/mobylette-3.4.0/lib/mobylette/respond_to_mobile_requests.rb:169:in `user_agent_excluded?'
2013-05-11T05:36:23.973548+00:00 app[web.1]:   vendor/bundle/ruby/1.9.1/gems/activesupport-3.2.11/lib/active_support/callbacks.rb:418:in `_run__688882731566719982__process_action__1642811876699142595__callbacks'
2013-05-11T05:36:23.973819+00:00 app[web.1]:   vendor/bundle/ruby/1.9.1/gems/actionpack-3.2.11/lib/abstract_controller/callbacks.rb:17:in `process_action'
2013-05-11T05:36:23.973819+00:00 app[web.1]:   vendor/bundle/ruby/1.9.1/gems/actionpack-3.2.11/lib/action_controller/metal/instrumentation.rb:30:in `block in process_action'
2013-05-11T05:36:23.973819+00:00 app[web.1]:   vendor/bundle/ruby/1.9.1/gems/actionpack-3.2.11/lib/action_controller/metal/rescue.rb:29:in `process_action'
2013-05-11T05:36:23.973548+00:00 app[web.1]:   vendor/bundle/ruby/1.9.1/gems/activesupport-3.2.11/lib/active_support/callbacks.rb:405:in `__run_callback'
2013-05-11T05:36:23.973548+00:00 app[web.1]:   vendor/bundle/ruby/1.9.1/gems/activesupport-3.2.11/lib/active_support/callbacks.rb:81:in `run_callbacks'
2013-05-11T05:36:23.973548+00:00 app[web.1]:   vendor/bundle/ruby/1.9.1/gems/activesupport-3.2.11/lib/active_support/callbacks.rb:385:in `_run_process_action_callbacks'
2013-05-11T05:36:23.973819+00:00 app[web.1]:   vendor/bundle/ruby/1.9.1/gems/activesupport-3.2.11/lib/active_support/notifications.rb:123:in `block in instrument'
2013-05-11T05:36:23.973819+00:00 app[web.1]:   vendor/bundle/ruby/1.9.1/gems/activesupport-3.2.11/lib/active_support/notifications/instrumenter.rb:20:in `instrument'
2013-05-11T05:36:23.974057+00:00 app[web.1]:   vendor/bundle/ruby/1.9.1/gems/actionpack-3.2.11/lib/action_controller/metal/rack_delegation.rb:14:in `dispatch'
2013-05-11T05:36:23.973819+00:00 app[web.1]:   vendor/bundle/ruby/1.9.1/gems/actionpack-3.2.11/lib/action_controller/metal/params_wrapper.rb:207:in `process_action'
2013-05-11T05:36:23.974057+00:00 app[web.1]:   vendor/bundle/ruby/1.9.1/gems/actionpack-3.2.11/lib/abstract_controller/rendering.rb:45:in `process'
2013-05-11T05:36:23.974057+00:00 app[web.1]:   vendor/bundle/ruby/1.9.1/gems/actionpack-3.2.11/lib/action_controller/metal.rb:203:in `dispatch'
2013-05-11T05:36:23.973819+00:00 app[web.1]:   vendor/bundle/ruby/1.9.1/gems/activerecord-3.2.11/lib/active_record/railties/controller_runtime.rb:18:in `process_action'
2013-05-11T05:36:23.973819+00:00 app[web.1]:   vendor/bundle/ruby/1.9.1/gems/activesupport-3.2.11/lib/active_support/notifications.rb:123:in `instrument'
2013-05-11T05:36:23.973819+00:00 app[web.1]:   vendor/bundle/ruby/1.9.1/gems/actionpack-3.2.11/lib/abstract_controller/base.rb:121:in `process'
2013-05-11T05:36:23.973819+00:00 app[web.1]:   vendor/bundle/ruby/1.9.1/gems/actionpack-3.2.11/lib/action_controller/metal/instrumentation.rb:29:in `process_action'
2013-05-11T05:36:23.974057+00:00 app[web.1]:   vendor/bundle/ruby/1.9.1/gems/actionpack-3.2.11/lib/action_controller/metal.rb:246:in `block in action'
2013-05-11T05:36:23.974057+00:00 app[web.1]:   vendor/bundle/ruby/1.9.1/gems/actionpack-3.2.11/lib/action_dispatch/routing/route_set.rb:73:in `dispatch'
2013-05-11T05:36:23.974057+00:00 app[web.1]:   vendor/bundle/ruby/1.9.1/gems/actionpack-3.2.11/lib/action_dispatch/routing/route_set.rb:73:in `call'
2013-05-11T05:36:23.974057+00:00 app[web.1]:   vendor/bundle/ruby/1.9.1/gems/actionpack-3.2.11/lib/action_dispatch/routing/route_set.rb:36:in `call'
2013-05-11T05:36:23.974057+00:00 app[web.1]:   vendor/bundle/ruby/1.9.1/gems/journey-1.0.4/lib/journey/router.rb:56:in `each'
2013-05-11T05:36:23.974057+00:00 app[web.1]:   vendor/bundle/ruby/1.9.1/gems/journey-1.0.4/lib/journey/router.rb:68:in `block in call'
2013-05-11T05:36:23.974309+00:00 app[web.1]:   vendor/bundle/ruby/1.9.1/gems/rack-1.4.5/lib/rack/conditionalget.rb:25:in `call'
2013-05-11T05:36:23.974309+00:00 app[web.1]:   vendor/bundle/ruby/1.9.1/gems/rack-1.4.5/lib/rack/etag.rb:23:in `call'
2013-05-11T05:36:23.974057+00:00 app[web.1]:   vendor/bundle/ruby/1.9.1/gems/journey-1.0.4/lib/journey/router.rb:56:in `call'
2013-05-11T05:36:23.974309+00:00 app[web.1]:   vendor/bundle/ruby/1.9.1/gems/actionpack-3.2.11/lib/action_dispatch/middleware/head.rb:14:in `call'
2013-05-11T05:36:23.974309+00:00 app[web.1]:   vendor/bundle/ruby/1.9.1/gems/actionpack-3.2.11/lib/action_dispatch/middleware/best_standards_support.rb:17:in `call'
2013-05-11T05:36:23.974309+00:00 app[web.1]:   vendor/bundle/ruby/1.9.1/gems/actionpack-3.2.11/lib/action_dispatch/routing/route_set.rb:601:in `call'
2013-05-11T05:36:23.974309+00:00 app[web.1]:   vendor/bundle/ruby/1.9.1/gems/actionpack-3.2.11/lib/action_dispatch/middleware/params_parser.rb:21:in `call'
2013-05-11T05:36:23.974309+00:00 app[web.1]:   vendor/bundle/ruby/1.9.1/gems/rack-1.4.5/lib/rack/session/abstract/id.rb:210:in `context'
2013-05-11T05:36:23.974309+00:00 app[web.1]:   vendor/bundle/ruby/1.9.1/gems/actionpack-3.2.11/lib/action_dispatch/middleware/flash.rb:242:in `call'
2013-05-11T05:36:23.974309+00:00 app[web.1]:   vendor/bundle/ruby/1.9.1/gems/rack-1.4.5/lib/rack/session/abstract/id.rb:205:in `call'
2013-05-11T05:36:23.974555+00:00 app[web.1]:   vendor/bundle/ruby/1.9.1/gems/activerecor
d-3.2.11/lib/active_record/query_cache.rb:64:in `call'
2013-05-11T05:36:23.974555+00:00 app[web.1]:   vendor/bundle/ruby/1.9.1/gems/actionpack-3.2.11/lib/action_dispatch/middleware/callbacks.rb:28:in `block in call'
2013-05-11T05:36:23.974309+00:00 app[web.1]:   vendor/bundle/ruby/1.9.1/gems/actionpack-3.2.11/lib/action_dispatch/middleware/cookies.rb:341:in `call'
2013-05-11T05:36:23.974555+00:00 app[web.1]:   vendor/bundle/ruby/1.9.1/gems/activesupport-3.2.11/lib/active_support/callbacks.rb:405:in `_run__844343502705293223__call__1480924935660468850__callbacks'
2013-05-11T05:36:23.974555+00:00 app[web.1]:   vendor/bundle/ruby/1.9.1/gems/activerecord-3.2.11/lib/active_record/connection_adapters/abstract/connection_pool.rb:479:in `call'
2013-05-11T05:36:23.974555+00:00 app[web.1]:   vendor/bundle/ruby/1.9.1/gems/activesupport-3.2.11/lib/active_support/callbacks.rb:405:in `__run_callback'
2013-05-11T05:36:23.974555+00:00 app[web.1]:   vendor/bundle/ruby/1.9.1/gems/activesupport-3.2.11/lib/active_support/callbacks.rb:385:in `_run_call_callbacks'
2013-05-11T05:36:23.974766+00:00 app[web.1]:   vendor/bundle/ruby/1.9.1/gems/rack-1.4.5/lib/rack/methodoverride.rb:21:in `call'
2013-05-11T05:36:23.975019+00:00 app[web.1]:   vendor/bundle/ruby/1.9.1/gems/rack-cache-1.2/lib/rack/cache/context.rb:245:in `fetch'
2013-05-11T05:36:23.974766+00:00 app[web.1]:   vendor/bundle/ruby/1.9.1/gems/actionpack-3.2.11/lib/action_dispatch/middleware/request_id.rb:22:in `call'
2013-05-11T05:36:23.975019+00:00 app[web.1]:   vendor/bundle/ruby/1.9.1/gems/railties-3.2.11/lib/rails/application.rb:223:in `call'
2013-05-11T05:36:23.974555+00:00 app[web.1]:   vendor/bundle/ruby/1.9.1/gems/activesupport-3.2.11/lib/active_support/callbacks.rb:81:in `run_callbacks'
2013-05-11T05:36:23.974766+00:00 app[web.1]:   vendor/bundle/ruby/1.9.1/gems/rack-1.4.5/lib/rack/runtime.rb:17:in `call'
2013-05-11T05:36:23.975230+00:00 app[web.1]:   vendor/bundle/ruby/1.9.1/gems/rack-1.4.5/lib/rack/handler/webrick.rb:59:in `service'
2013-05-11T05:36:23.974555+00:00 app[web.1]:   vendor/bundle/ruby/1.9.1/gems/actionpack-3.2.11/lib/action_dispatch/middleware/callbacks.rb:27:in `call'
2013-05-11T05:36:23.974766+00:00 app[web.1]:   vendor/bundle/ruby/1.9.1/gems/railties-3.2.11/lib/rails/rack/logger.rb:16:in `call'
2013-05-11T05:36:23.975019+00:00 app[web.1]:   vendor/bundle/ruby/1.9.1/gems/rack-cache-1.2/lib/rack/cache/context.rb:136:in `forward'
2013-05-11T05:36:23.974555+00:00 app[web.1]:   vendor/bundle/ruby/1.9.1/gems/actionpack-3.2.11/lib/action_dispatch/middleware/remote_ip.rb:31:in `call'
2013-05-11T05:36:23.974766+00:00 app[web.1]:   vendor/bundle/ruby/1.9.1/gems/activesupport-3.2.11/lib/active_support/cache/strategy/local_cache.rb:72:in `call'
2013-05-11T05:36:23.974555+00:00 app[web.1]:   vendor/bundle/ruby/1.9.1/gems/actionpack-3.2.11/lib/action_dispatch/middleware/debug_exceptions.rb:16:in `call'
2013-05-11T05:36:23.974766+00:00 app[web.1]:   vendor/bundle/ruby/1.9.1/gems/rack-1.4.5/lib/rack/lock.rb:15:in `call'
2013-05-11T05:36:23.975019+00:00 app[web.1]:   vendor/bundle/ruby/1.9.1/gems/rack-cache-1.2/lib/rack/cache/context.rb:185:in `lookup'
2013-05-11T05:36:23.974766+00:00 app[web.1]:   vendor/bundle/ruby/1.9.1/gems/actionpack-3.2.11/lib/action_dispatch/middleware/show_exceptions.rb:56:in `call'
2013-05-11T05:36:23.974766+00:00 app[web.1]:   vendor/bundle/ruby/1.9.1/gems/activesupport-3.2.11/lib/active_support/tagged_logging.rb:22:in `tagged'
2013-05-11T05:36:23.975019+00:00 app[web.1]:   vendor/bundle/ruby/1.9.1/gems/rack-1.4.5/lib/rack/content_length.rb:14:in `call'
2013-05-11T05:36:23.974766+00:00 app[web.1]:   vendor/bundle/ruby/1.9.1/gems/railties-3.2.11/lib/rails/rack/logger.rb:32:in `call_app'
2013-05-11T05:36:23.975019+00:00 app[web.1]:   vendor/bundle/ruby/1.9.1/gems/railties-3.2.11/lib/rails/rack/log_tailer.rb:17:in `call'
2013-05-11T05:36:23.975230+00:00 app[web.1]: 
2013-05-11T05:36:23.974766+00:00 app[web.1]:   vendor/bundle/ruby/1.9.1/gems/railties-3.2.11/lib/rails/rack/logger.rb:16:in `block in call'
2013-05-11T05:36:23.975019+00:00 app[web.1]:   vendor/bundle/ruby/1.9.1/gems/railties-3.2.11/lib/rails/engine.rb:479:in `call'
2013-05-11T05:36:23.975019+00:00 app[web.1]:   vendor/bundle/ruby/1.9.1/gems/actionpack-3.2.11/lib/action_dispatch/middleware/static.rb:62:in `call'
2013-05-11T05:36:23.975019+00:00 app[web.1]:   vendor/bundle/ruby/1.9.1/gems/rack-cache-1.2/lib/rack/cache/context.rb:66:in `call!'
2013-05-11T05:36:23.975230+00:00 app[web.1]: 
2013-05-11T05:36:23.975230+00:00 app[web.1]:   /usr/local/lib/ruby/1.9.1/webrick/httpserver.rb:111:in `service'
2013-05-11T05:36:23.975019+00:00 app[web.1]:   vendor/bundle/ruby/1.9.1/gems/rack-cache-1.2/lib/rack/cache/context.rb:51:in `call'
2013-05-11T05:36:23.975230+00:00 app[web.1]:   /usr/local/lib/ruby/1.9.1/webrick/httpserver.rb:70:in `run'
2013-05-11T05:36:23.975230+00:00 app[web.1]:   /usr/local/lib/ruby/1.9.1/webrick/server.rb:183:in `block in start_thread'
2013-05-11T05:36:16.808215+00:00 heroku[router]: at=info method=GET path=/ host=young-wildwood-7107.herokuapp.com fwd="121.82.154.52" dyno=web.1 connect=13ms service=201ms status=500 bytes=643
