2013-09-12T12:52:37.713870+00:00 app[web.1]:   Rendered layouts/_footer.html.erb (0.4ms)
2013-09-12T12:52:37.713337+00:00 app[web.1]:   Rendered layouts/_header.html.erb (1.5ms)
2013-09-12T12:52:37.714008+00:00 app[web.1]: Completed 200 OK in 9ms (Views: 4.6ms | ActiveRecord: 3.0ms)
2013-09-12T12:53:23.029602+00:00 app[web.1]: Started GET "/" for 58.188.179.74 at 2013-09-12 12:53:23 +0000
2013-09-12T12:53:23.032156+00:00 app[web.1]: Processing by StaticPagesController#home as HTML
2013-09-12T12:53:23.039833+00:00 app[web.1]:   Rendered shared/_user_info.html.erb (3.8ms)
2013-09-12T12:53:23.051012+00:00 app[web.1]:   Rendered shared/_error_messages.html.erb (0.0ms)
2013-09-12T12:53:23.051532+00:00 app[web.1]:   Rendered shared/_micropost_form.html.erb (1.0ms)
2013-09-12T12:53:23.047866+00:00 app[web.1]:   Rendered shared/_stats.html.erb (7.8ms)
2013-09-12T12:53:23.050468+00:00 app[web.1]:   Rendered shared/_take_test.html.erb (2.5ms)
2013-09-12T12:53:23.098484+00:00 app[web.1]:   Rendered shared/_feed_item.html.erb (40.2ms)
2013-09-12T12:53:23.100460+00:00 app[web.1]:   Rendered shared/_feed.html.erb (48.8ms)
2013-09-12T12:53:23.100527+00:00 app[web.1]:   Rendered static_pages/home.html.erb within layouts/application (64.6ms)
2013-09-12T12:53:23.101740+00:00 app[web.1]:   Rendered layouts/_shim.html.erb (0.0ms)
2013-09-12T12:53:23.102912+00:00 app[web.1]:   Rendered layouts/_header.html.erb (1.1ms)
2013-09-12T12:53:23.103341+00:00 app[web.1]:   Rendered layouts/_footer.html.erb (0.3ms)
2013-09-12T12:53:23.103507+00:00 app[web.1]: Completed 200 OK in 71ms (Views: 48.9ms | ActiveRecord: 20.6ms)
2013-09-12T12:53:25.246332+00:00 app[web.1]: Started GET "/ask?id=28" for 58.188.179.74 at 2013-09-12 12:53:25 +0000
2013-09-12T12:53:25.254278+00:00 app[web.1]:   app/controllers/questions_controller.rb:35:in `ask'
2013-09-12T12:53:25.254278+00:00 app[web.1]: 
2013-09-12T12:53:25.248912+00:00 app[web.1]: Processing by QuestionsController#ask as HTML
2013-09-12T12:53:25.253283+00:00 app[web.1]: Completed 500 Internal Server Error in 4ms
2013-09-12T12:53:25.248912+00:00 app[web.1]:   Parameters: {"id"=>"28"}
2013-09-12T12:53:25.254278+00:00 app[web.1]: 
2013-09-12T12:53:25.254278+00:00 app[web.1]: ActiveRecord::StatementInvalid (PG::UndefinedFunction: ERROR:  operator does not exist: boolean == unknown
2013-09-12T12:53:25.254278+00:00 app[web.1]:                                                              ^
2013-09-12T12:53:25.254278+00:00 app[web.1]: 
2013-09-12T12:53:25.254278+00:00 app[web.1]: HINT:  No operator matches the given name and argument type(s). You might need to add explicit type casts.
2013-09-12T12:53:25.254278+00:00 app[web.1]: LINE 1: ...  "questions".* FROM "questions"  WHERE (approved == 't') OR...
2013-09-12T12:53:25.254278+00:00 app[web.1]: : SELECT  "questions".* FROM "questions"  WHERE (approved == 't') ORDER BY RANDOM() LIMIT 1):
2013-09-12T12:53:28.976849+00:00 app[web.1]:   Rendered layouts/_shim.html.erb (0.0ms)
2013-09-12T12:53:28.978279+00:00 app[web.1]:   Rendered layouts/_header.html.erb (1.2ms)
2013-09-12T12:53:28.978709+00:00 app[web.1]:   Rendered layouts/_footer.html.erb (0.3ms)
2013-09-12T12:53:28.978851+00:00 app[web.1]: Completed 200 OK in 9ms (Views: 6.4ms | ActiveRecord: 1.6ms)
2013-09-12T12:53:28.969944+00:00 app[web.1]: Processing by QuestionsController#new as HTML
2013-09-12T12:53:28.975968+00:00 app[web.1]:   Rendered questions/new.html.erb within layouts/application (3.1ms)
2013-09-12T12:53:28.967014+00:00 app[web.1]: Started GET "/make" for 58.188.179.74 at 2013-09-12 12:53:28 +0000
2013-09-12T12:54:13.852411+00:00 app[web.1]: Started POST "/questions" for 58.188.179.74 at 2013-09-12 12:54:13 +0000
2013-09-12T12:54:13.855610+00:00 app[web.1]: Processing by QuestionsController#create as HTML
2013-09-12T12:54:13.855721+00:00 app[web.1]:   Parameters: {"utf8"=>"✓", "authenticity_token"=>"nGn4SC3FJMSPndgKOKHBbp1YEHt2BIi08MT5nYbqhfc=", "question"=>{"qn"=>"Who is Brand Architect of the Yanmar Premium Brand Project?", "correct"=>"Kashiwa Sato", "option1"=>"Ken Okuyama", "option2"=>"Ken Araki", "option3"=>"Naoki Takizawa"}, "commit"=>"Create Question"}
2013-09-12T12:54:13.866352+00:00 app[web.1]: Completed 302 Found in 11ms (ActiveRecord: 7.3ms)
2013-09-12T12:54:13.866261+00:00 app[web.1]: Redirected to http://young-wildwood-7107.herokuapp.com/users/1
2013-09-12T12:54:14.162065+00:00 app[web.1]:   Parameters: {"id"=>"1"}
2013-09-12T12:54:14.162065+00:00 app[web.1]: Processing by UsersController#show as HTML
2013-09-12T12:54:14.177479+00:00 app[web.1]:   Rendered users/_follow_form.html.erb (0.1ms)
2013-09-12T12:54:14.159625+00:00 app[web.1]: Started GET "/users/1" for 58.188.179.74 at 2013-09-12 12:54:14 +0000
2013-09-12T12:54:14.175252+00:00 app[web.1]:   Rendered shared/_stats.html.erb (8.7ms)
2013-09-12T12:54:14.247571+00:00 app[web.1]:   Rendered users/show.html.erb within layouts/application (81.6ms)
2013-09-12T12:54:14.246419+00:00 app[web.1]:   Rendered microposts/_micropost.html.erb (61.7ms)
2013-09-12T12:54:14.248610+00:00 app[web.1]:   Rendered layouts/_shim.html.erb (0.0ms)
2013-09-12T12:54:14.250020+00:00 app[web.1]:   Rendered layouts/_header.html.erb (1.3ms)
2013-09-12T12:54:14.250700+00:00 app[web.1]: Completed 200 OK in 89ms (Views: 74.0ms | ActiveRecord: 12.8ms)
2013-09-12T12:54:14.250477+00:00 app[web.1]:   Rendered layouts/_footer.html.erb (0.3ms)
2013-09-12T12:54:17.465198+00:00 app[web.1]: Processing by StaticPagesController#home as HTML
2013-09-12T12:54:17.462082+00:00 app[web.1]: Started GET "/" for 58.188.179.74 at 2013-09-12 12:54:17 +0000
2013-09-12T12:54:17.473583+00:00 app[web.1]:   Rendered shared/_user_info.html.erb (4.1ms)
2013-09-12T12:54:17.487133+00:00 app[web.1]:   Rendered shared/_error_messages.html.erb (0.1ms)
2013-09-12T12:54:17.483242+00:00 app[web.1]:   Rendered shared/_stats.html.erb (9.4ms)
2013-09-12T12:54:17.486693+00:00 app[web.1]:   Rendered shared/_take_test.html.erb (2.8ms)
2013-09-12T12:54:17.487702+00:00 app[web.1]:   Rendered shared/_micropost_form.html.erb (1.3ms)
2013-09-12T12:54:17.547566+00:00 app[web.1]:   Rendered shared/_feed_item.html.erb (46.3ms)
2013-09-12T12:54:17.552628+00:00 app[web.1]: Completed 200 OK in 87ms (Views: 56.3ms | ActiveRecord: 29.0ms)
2013-09-12T12:54:17.552442+00:00 app[web.1]:   Rendered layouts/_footer.html.erb (0.3ms)
2013-09-12T12:54:17.550790+00:00 app[web.1]:   Rendered layouts/_shim.html.erb (0.0ms)
2013-09-12T12:54:17.549498+00:00 app[web.1]:   Rendered shared/_feed.html.erb (61.6ms)
2013-09-12T12:54:17.549557+00:00 app[web.1]:   Rendered static_pages/home.html.erb within layouts/application (80.3ms)
2013-09-12T12:54:17.552027+00:00 app[web.1]:   Rendered layouts/_header.html.erb (1.1ms)
2013-09-12T12:54:20.031433+00:00 app[web.1]: Started GET "/ask?id=29" for 58.188.179.74 at 2013-09-12 12:54:20 +0000
2013-09-12T12:54:20.034375+00:00 app[web.1]:   Parameters: {"id"=>"29"}
2013-09-12T12:54:20.043352+00:00 app[web.1]: 
2013-09-12T12:54:20.041868+00:00 app[web.1]: Completed 500 Internal Server Error in 7ms
2013-09-12T12:54:20.043352+00:00 app[web.1]: ActiveRecord::StatementInvalid (PG::UndefinedFunction: ERROR:  operator does not exist: boolean == unknown
2013-09-12T12:54:20.034375+00:00 app[web.1]: Processing by QuestionsController#ask as HTML
2013-09-12T12:54:20.043352+00:00 app[web.1]: LINE 1: ...  "questions".* FROM "questions"  WHERE (approved == 't') OR...
2013-09-12T12:54:20.043352+00:00 app[web.1]:                                                              ^
2013-09-12T12:54:20.043352+00:00 app[web.1]: HINT:  No operator matches the given name and argument type(s). You might need to add explicit type casts.
2013-09-12T12:54:20.043352+00:00 app[web.1]: : SELECT  "questions".* FROM "questions"  WHERE (approved == 't') ORDER BY RANDOM() LIMIT 1):
2013-09-12T12:54:20.043352+00:00 app[web.1]:   app/controllers/questions_controller.rb:35:in `ask'
2013-09-12T12:54:20.043352+00:00 app[web.1]: 
2013-09-12T12:54:20.043352+00:00 app[web.1]: 
2013-09-12T13:57:44.922249+00:00 app[web.1]: [2013-09-12 13:57:44] ERROR SignalException: SIGTERM
2013-09-12T13:57:44.922249+00:00 app[web.1]: 	/app/vendor/ruby-1.9.2/lib/ruby/1.9.1/webrick/server.rb:90:in `select'
