2013-09-15T01:52:58.823421+00:00 app[web.1]:     9:     <%= csrf_meta_tags %>
2013-09-15T01:52:58.823421+00:00 app[web.1]:     8:     <%= stylesheet_link_tag    "jquery.mobile.min.css" %>
2013-09-15T01:52:58.823421+00:00 app[web.1]:     7:     <%= javascript_include_tag "jquery.mobile.min.js" %>
2013-09-15T01:52:58.823421+00:00 app[web.1]:   app/views/layouts/application.mobile.erb:7:in `_app_views_layouts_application_mobile_erb___3513400743569425329_41432600'
2013-09-15T01:52:58.823577+00:00 app[web.1]: 
2013-09-15T01:52:58.823421+00:00 app[web.1]:     6:     <%= javascript_include_tag "application" %>
2013-09-15T01:52:58.823577+00:00 app[web.1]: 
2013-09-15T01:52:58.821797+00:00 app[web.1]: Completed 500 Internal Server Error in 4ms
2013-09-15T01:52:58.817173+00:00 app[web.1]: Processing by StaticPagesController#home as HTML
2013-09-15T01:52:58.823421+00:00 app[web.1]: ActionView::Template::Error (jquery.mobile.min.js isn't precompiled):
2013-09-15T01:52:58.823421+00:00 app[web.1]: 
2013-09-15T02:39:45.304226+00:00 app[web.1]: [2013-09-15 02:39:45] ERROR SignalException: SIGTERM
2013-09-15T02:39:45.304226+00:00 app[web.1]: 	/app/vendor/ruby-1.9.2/lib/ruby/1.9.1/webrick/server.rb:90:in `select'
2013-09-15T02:39:49.139837+00:00 app[web.1]: DEPRECATION WARNING: You have Rails 2.3-style plugins in vendor/plugins! Support for these plugins will be removed in Rails 4.0. Move them out and bundle them in your Gemfile, or fold them in to your app as lib/myplugin/* and config/initializers/myplugin.rb. See the release notes for more on this: http://weblog.rubyonrails.org/2012/1/4/rails-3-2-0-rc2-has-been-released. (called from <top (required)> at /app/config/environment.rb:5)
2013-09-15T02:39:49.139837+00:00 app[web.1]: DEPRECATION WARNING: You have Rails 2.3-style plugins in vendor/plugins! Support for these plugins will be removed in Rails 4.0. Move them out and bundle them in your Gemfile, or fold them in to your app as lib/myplugin/* and config/initializers/myplugin.rb. See the release notes for more on this: http://weblog.rubyonrails.org/2012/1/4/rails-3-2-0-rc2-has-been-released. (called from <top (required)> at /app/config/environment.rb:5)
2013-09-15T02:39:51.220433+00:00 app[web.1]: => Booting WEBrick
2013-09-15T02:39:51.220433+00:00 app[web.1]: Connecting to database specified by DATABASE_URL
2013-09-15T02:39:51.220433+00:00 app[web.1]: => Rails 3.2.11 application starting in production on http://0.0.0.0:43832
2013-09-15T02:39:51.220433+00:00 app[web.1]: => Call with -d to detach
2013-09-15T02:39:51.220433+00:00 app[web.1]: => Ctrl-C to shutdown server
2013-09-15T02:39:51.538071+00:00 app[web.1]: [2013-09-15 02:39:51] INFO  WEBrick 1.3.1
2013-09-15T02:39:51.538422+00:00 app[web.1]: [2013-09-15 02:39:51] INFO  WEBrick::HTTPServer#start: pid=2 port=43832
2013-09-15T02:39:51.538071+00:00 app[web.1]: [2013-09-15 02:39:51] INFO  ruby 1.9.2 (2012-04-20) [x86_64-linux]
2013-09-15T02:44:26.990166+00:00 app[web.1]: Started GET "/" for 58.188.179.74 at 2013-09-15 02:44:26 +0000
2013-09-15T02:44:27.128133+00:00 app[web.1]: Processing by StaticPagesController#home as HTML
2013-09-15T02:44:27.200268+00:00 app[web.1]:   Rendered static_pages/home.html.erb within layouts/application (4.6ms)
2013-09-15T02:44:27.232846+00:00 app[web.1]:   Rendered layouts/_shim.html.erb (0.4ms)
2013-09-15T02:44:27.236185+00:00 app[web.1]:   Rendered layouts/_header.html.erb (1.9ms)
2013-09-15T02:44:27.236566+00:00 app[web.1]: Completed 200 OK in 108ms (Views: 83.4ms | ActiveRecord: 18.1ms)
2013-09-15T02:44:27.236388+00:00 app[web.1]:   Rendered layouts/_footer.html.erb (0.7ms)
2013-09-15T02:44:40.259136+00:00 app[web.1]: Started GET "/" for 1.75.153.107 at 2013-09-15 02:44:40 +0000
2013-09-15T02:44:40.263523+00:00 app[web.1]: Processing by StaticPagesController#home as HTML
2013-09-15T02:44:40.278100+00:00 app[web.1]: ActionView::Template::Error (jquery.mobile.min.css isn't precompiled):
2013-09-15T02:44:40.270345+00:00 app[web.1]:   Rendered static_pages/home.mobile.erb within layouts/application (2.5ms)
2013-09-15T02:44:40.278100+00:00 app[web.1]:     5: 	<meta name="viewport" content="width=device-width, initial-scale=1">
2013-09-15T02:44:40.278100+00:00 app[web.1]:     6:     <%= javascript_include_tag "application" %>
2013-09-15T02:44:40.278100+00:00 app[web.1]:     8:     <%= stylesheet_link_tag    "jquery.mobile.min.css" %>
2013-09-15T02:44:40.276622+00:00 app[web.1]: Completed 500 Internal Server Error in 13ms
2013-09-15T02:44:40.278100+00:00 app[web.1]: 
2013-09-15T02:44:40.278100+00:00 app[web.1]:     7:     <%= javascript_include_tag "jquery.mobile.min.js" %>
2013-09-15T02:44:40.278100+00:00 app[web.1]:     9:     <%= csrf_meta_tags %>
2013-09-15T02:44:40.278100+00:00 app[web.1]:     11:   <body>
2013-09-15T02:44:40.278100+00:00 app[web.1]:     10:   </head>
2013-09-15T02:44:40.278100+00:00 app[web.1]:   app/views/layouts/application.mobile.erb:8:in `_app_views_layouts_application_mobile_erb__3276364745221121935_35284260'
2013-09-15T02:44:40.278303+00:00 app[web.1]: 
2013-09-15T02:44:40.278303+00:00 app[web.1]: 
2013-09-15T02:45:31.327775+00:00 app[web.1]: Started GET "/" for 1.75.153.107 at 2013-09-15 02:45:31 +0000
2013-09-15T02:45:31.330395+00:00 app[web.1]: Processing by StaticPagesController#home as HTML
2013-09-15T02:45:31.338122+00:00 app[web.1]:     7:     <%= javascript_include_tag "jquery.mobile.min.js" %>
2013-09-15T02:45:31.338122+00:00 app[web.1]:     8:     <%= stylesheet_link_tag    "jquery.mobile.min.css" %>
2013-09-15T02:45:31.335223+00:00 app[web.1]:   Rendered static_pages/home.mobile.erb within layouts/application (1.6ms)
2013-09-15T02:45:31.336649+00:00 app[web.1]: Completed 500 Internal Server Error in 6ms
2013-09-15T02:45:31.338122+00:00 app[web.1]: 
2013-09-15T02:45:31.338122+00:00 app[web.1]: ActionView::Template::Error (jquery.mobile.min.css isn't precompiled):
2013-09-15T02:45:31.338122+00:00 app[web.1]:     6:     <%= javascript_include_tag "application" %>
2013-09-15T02:45:31.338122+00:00 app[web.1]:     11:   <body>
2013-09-15T02:45:31.338122+00:00 app[web.1]:     5: 	<meta name="viewport" content="width=device-width, initial-scale=1">
2013-09-15T02:45:31.338122+00:00 app[web.1]:     9:     <%= csrf_meta_tags %>
2013-09-15T02:45:31.338122+00:00 app[web.1]:     10:   </head>
2013-09-15T02:45:31.338122+00:00 app[web.1]:   app/views/layouts/application.mobile.erb:8:in `_app_views_layouts_application_mobile_erb__3276364745221121935_35284260'
2013-09-15T02:45:31.338345+00:00 app[web.1]: 
2013-09-15T02:45:31.338345+00:00 app[web.1]: 
