2013-09-15T01:39:26.618611+00:00 app[web.1]:     5: 	<meta name="viewport" content="width=device-width, initial-scale=1">
2013-09-15T01:39:26.618611+00:00 app[web.1]:     4:     <title>Mobile! <%= full_title(yield(:title)) %></title>
2013-09-15T01:39:26.618611+00:00 app[web.1]:     9:     <%= csrf_meta_tags %>
2013-09-15T01:39:26.618611+00:00 app[web.1]:     7:     <%= javascript_include_tag "jquery.mobile.min.js" %>
2013-09-15T01:39:26.618611+00:00 app[web.1]:     6:     <%= javascript_include_tag "application" %>
2013-09-15T01:39:26.618611+00:00 app[web.1]:     10:   </head>
2013-09-15T01:39:26.618806+00:00 app[web.1]: 
2013-09-15T01:39:26.618611+00:00 app[web.1]:   app/views/layouts/application.mobile.erb:7:in `_app_views_layouts_application_mobile_erb__82024100925446068_28654760'
2013-09-15T01:39:26.618806+00:00 app[web.1]: 
2013-09-15T01:49:02.479718+00:00 app[web.1]: [2013-09-15 01:49:02] ERROR SignalException: SIGTERM
2013-09-15T01:49:02.479718+00:00 app[web.1]: 	/app/vendor/ruby-1.9.2/lib/ruby/1.9.1/webrick/server.rb:90:in `select'
2013-09-15T01:49:02.686204+00:00 app[web.1]: DEPRECATION WARNING: You have Rails 2.3-style plugins in vendor/plugins! Support for these plugins will be removed in Rails 4.0. Move them out and bundle them in your Gemfile, or fold them in to your app as lib/myplugin/* and config/initializers/myplugin.rb. See the release notes for more on this: http://weblog.rubyonrails.org/2012/1/4/rails-3-2-0-rc2-has-been-released. (called from <top (required)> at /app/config/environment.rb:5)
2013-09-15T01:49:02.686204+00:00 app[web.1]: DEPRECATION WARNING: You have Rails 2.3-style plugins in vendor/plugins! Support for these plugins will be removed in Rails 4.0. Move them out and bundle them in your Gemfile, or fold them in to your app as lib/myplugin/* and config/initializers/myplugin.rb. See the release notes for more on this: http://weblog.rubyonrails.org/2012/1/4/rails-3-2-0-rc2-has-been-released. (called from <top (required)> at /app/config/environment.rb:5)
2013-09-15T01:49:04.419020+00:00 app[web.1]: => Rails 3.2.11 application starting in production on http://0.0.0.0:13392
2013-09-15T01:49:04.419020+00:00 app[web.1]: => Call with -d to detach
2013-09-15T01:49:04.419020+00:00 app[web.1]: Connecting to database specified by DATABASE_URL
2013-09-15T01:49:04.419020+00:00 app[web.1]: => Ctrl-C to shutdown server
2013-09-15T01:49:04.419020+00:00 app[web.1]: => Booting WEBrick
2013-09-15T01:49:04.694379+00:00 app[web.1]: [2013-09-15 01:49:04] INFO  WEBrick 1.3.1
2013-09-15T01:49:04.694379+00:00 app[web.1]: [2013-09-15 01:49:04] INFO  ruby 1.9.2 (2012-04-20) [x86_64-linux]
2013-09-15T01:49:04.694698+00:00 app[web.1]: [2013-09-15 01:49:04] INFO  WEBrick::HTTPServer#start: pid=2 port=13392
2013-09-15T01:52:37.726698+00:00 app[web.1]: Started GET "/" for 58.188.179.74 at 2013-09-15 01:52:37 +0000
2013-09-15T01:52:37.804255+00:00 app[web.1]: Processing by StaticPagesController#home as HTML
2013-09-15T01:52:37.875075+00:00 app[web.1]:   Rendered static_pages/home.html.erb within layouts/application (4.1ms)
2013-09-15T01:52:37.903751+00:00 app[web.1]:   Rendered layouts/_shim.html.erb (0.3ms)
2013-09-15T01:52:37.906168+00:00 app[web.1]:   Rendered layouts/_header.html.erb (2.1ms)
2013-09-15T01:52:37.907573+00:00 app[web.1]: Completed 200 OK in 103ms (Views: 72.0ms | ActiveRecord: 24.7ms)
2013-09-15T01:52:37.907355+00:00 app[web.1]:   Rendered layouts/_footer.html.erb (0.7ms)
2013-09-15T01:52:53.420391+00:00 app[web.1]: Started GET "/" for 1.75.153.107 at 2013-09-15 01:52:53 +0000
2013-09-15T01:52:53.423067+00:00 app[web.1]: Processing by StaticPagesController#home as HTML
2013-09-15T01:52:53.428447+00:00 app[web.1]:   Rendered static_pages/home.mobile.erb within layouts/application (2.3ms)
2013-09-15T01:52:53.435080+00:00 app[web.1]: 
2013-09-15T01:52:53.435080+00:00 app[web.1]: ActionView::Template::Error (jquery.mobile.min.js isn't precompiled):
2013-09-15T01:52:53.435080+00:00 app[web.1]:     6:     <%= javascript_include_tag "application" %>
2013-09-15T01:52:53.435080+00:00 app[web.1]:     5: 	<meta name="viewport" content="width=device-width, initial-scale=1">
2013-09-15T01:52:53.435080+00:00 app[web.1]:     9:     <%= csrf_meta_tags %>
2013-09-15T01:52:53.433853+00:00 app[web.1]: Completed 500 Internal Server Error in 11ms
2013-09-15T01:52:53.435080+00:00 app[web.1]:     7:     <%= javascript_include_tag "jquery.mobile.min.js" %>
2013-09-15T01:52:53.435080+00:00 app[web.1]:     8:     <%= stylesheet_link_tag    "jquery.mobile.min.css" %>
2013-09-15T01:52:53.435080+00:00 app[web.1]:     4:     <title>Mobile! <%= full_title(yield(:title)) %></title>
2013-09-15T01:52:53.435080+00:00 app[web.1]:   app/views/layouts/application.mobile.erb:7:in `_app_views_layouts_application_mobile_erb___3513400743569425329_41432600'
2013-09-15T01:52:53.435350+00:00 app[web.1]: 
2013-09-15T01:52:53.435350+00:00 app[web.1]: 
2013-09-15T01:52:53.435080+00:00 app[web.1]:     10:   </head>
2013-09-15T01:52:58.823421+00:00 app[web.1]:     5: 	<meta name="viewport" content="width=device-width, initial-scale=1">
2013-09-15T01:52:58.820602+00:00 app[web.1]:   Rendered static_pages/home.mobile.erb within layouts/application (1.2ms)
2013-09-15T01:52:58.823421+00:00 app[web.1]:     4:     <title>Mobile! <%= full_title(yield(:title)) %></title>
2013-09-15T01:52:58.823421+00:00 app[web.1]:     10:   </head>
2013-09-15T01:52:58.815219+00:00 app[web.1]: Started GET "/" for 1.75.153.107 at 2013-09-15 01:52:58 +0000
2013-09-15T01:52:58.823421+00:00 app[web.1]:     9:     <%= csrf_meta_tags %>
2013-09-15T01:52:58.823421+00:00 app[web.1]:     8:     <%= stylesheet_link_tag    "jquery.mobile.min.css" %>
2013-09-15T01:52:58.823421+00:00 app[web.1]:     7:     <%= javascript_include_tag "jquery.mobile.min.js" %>
2013-09-15T01:52:58.823421+00:00 app[web.1]:   app/views/layouts/application.mobile.erb:7:in `_app_views_layouts_application_mobile_erb___3513400743569425329_41432600'
2013-09-15T01:52:58.823577+00:00 app[web.1]: 
2013-09-15T01:52:58.823421+00:00 app[web.1]:     6:     <%= javascript_include_tag "application" %>
2013-09-15T01:52:58.823577+00:00 app[web.1]: 
2013-09-15T01:52:58.821797+00:00 app[web.1]: Completed 500 Internal Server Error in 4ms
2013-09-15T01:52:58.817173+00:00 app[web.1]: Processing by StaticPagesController#home as HTML
2013-09-15T01:52:58.823421+00:00 app[web.1]: ActionView::Template::Error (jquery.mobile.min.js isn't precompiled):
2013-09-15T01:52:58.823421+00:00 app[web.1]: 
