2013-05-11T08:01:00.940097+00:00 app[web.1]:   vendor/bundle/ruby/1.9.1/gems/rack-1.4.5/lib/rack/session/abstract/id.rb:210:in `context'
2013-05-11T08:01:00.940308+00:00 app[web.1]:   vendor/bundle/ruby/1.9.1/gems/actionpack-3.2.11/lib/action_dispatch/middleware/callbacks.rb:28:in `block in call'
2013-05-11T08:01:00.940097+00:00 app[web.1]:   vendor/bundle/ruby/1.9.1/gems/rack-1.4.5/lib/rack/session/abstract/id.rb:205:in `call'
2013-05-11T08:01:00.940308+00:00 app[web.1]:   vendor/bundle/ruby/1.9.1/gems/activesupport-3.2.11/lib/active_support/callbacks.rb:405:in `_run__512041719918640400__call__1279233388829590800__callbacks'
2013-05-11T08:01:00.940097+00:00 app[web.1]:   vendor/bundle/ruby/1.9.1/gems/actionpack-3.2.11/lib/action_dispatch/middleware/cookies.rb:341:in `call'
2013-05-11T08:01:00.940097+00:00 app[web.1]:   vendor/bundle/ruby/1.9.1/gems/actionpack-3.2.11/lib/action_dispatch/routing/route_set.rb:601:in `call'
2013-05-11T08:01:00.940097+00:00 app[web.1]:   vendor/bundle/ruby/1.9.1/gems/actionpack-3.2.11/lib/action_dispatch/middleware/best_standards_support.rb:17:in `call'
2013-05-11T08:01:00.940097+00:00 app[web.1]:   vendor/bundle/ruby/1.9.1/gems/rack-1.4.5/lib/rack/etag.rb:23:in `call'
2013-05-11T08:01:00.940097+00:00 app[web.1]:   vendor/bundle/ruby/1.9.1/gems/rack-1.4.5/lib/rack/conditionalget.rb:25:in `call'
2013-05-11T08:01:00.940097+00:00 app[web.1]:   vendor/bundle/ruby/1.9.1/gems/actionpack-3.2.11/lib/action_dispatch/middleware/params_parser.rb:21:in `call'
2013-05-11T08:01:00.939877+00:00 app[web.1]:   vendor/bundle/ruby/1.9.1/gems/journey-1.0.4/lib/journey/router.rb:56:in `call'
2013-05-11T08:01:00.940308+00:00 app[web.1]:   vendor/bundle/ruby/1.9.1/gems/activesupport-3.2.11/lib/active_support/callbacks.rb:385:in `_run_call_callbacks'
2013-05-11T08:01:00.940308+00:00 app[web.1]:   vendor/bundle/ruby/1.9.1/gems/activesupport-3.2.11/lib/active_support/callbacks.rb:81:in `run_callbacks'
2013-05-11T08:01:00.940308+00:00 app[web.1]:   vendor/bundle/ruby/1.9.1/gems/actionpack-3.2.11/lib/action_dispatch/middleware/callbacks.rb:27:in `call'
2013-05-11T08:01:00.940308+00:00 app[web.1]:   vendor/bundle/ruby/1.9.1/gems/activesupport-3.2.11/lib/active_support/callbacks.rb:405:in `__run_callback'
2013-05-11T08:01:00.940308+00:00 app[web.1]:   vendor/bundle/ruby/1.9.1/gems/actionpack-3.2.11/lib/action_dispatch/middleware/remote_ip.rb:31:in `call'
2013-05-11T08:01:00.940308+00:00 app[web.1]:   vendor/bundle/ruby/1.9.1/gems/actionpack-3.2.11/lib/action_dispatch/middleware/debug_exceptions.rb:16:in `call'
2013-05-11T08:01:00.940517+00:00 app[web.1]:   vendor/bundle/ruby/1.9.1/gems/actionpack-3.2.11/lib/action_dispatch/middleware/show_exceptions.rb:56:in `call'
2013-05-11T08:01:00.940517+00:00 app[web.1]:   vendor/bundle/ruby/1.9.1/gems/railties-3.2.11/lib/rails/rack/logger.rb:32:in `call_app'
2013-05-11T08:01:00.940308+00:00 app[web.1]:   vendor/bundle/ruby/1.9.1/gems/activerecord-3.2.11/lib/active_record/connection_adapters/abstract/connection_pool.rb:479:in `call'
2013-05-11T08:01:00.940517+00:00 app[web.1]:   vendor/bundle/ruby/1.9.1/gems/railties-3.2.11/lib/rails/rack/logger.rb:16:in `block in call'
2013-05-11T08:01:00.940517+00:00 app[web.1]:   vendor/bundle/ruby/1.9.1/gems/activesupport-3.2.11/lib/active_support/tagged_logging.rb:22:in `tagged'
2013-05-11T08:01:00.940517+00:00 app[web.1]:   vendor/bundle/ruby/1.9.1/gems/rack-1.4.5/lib/rack/lock.rb:15:in `call'
2013-05-11T08:01:00.940731+00:00 app[web.1]:   vendor/bundle/ruby/1.9.1/gems/rack-cache-1.2/lib/rack/cache/context.rb:136:in `forward'
2013-05-11T08:01:00.940731+00:00 app[web.1]:   vendor/bundle/ruby/1.9.1/gems/rack-cache-1.2/lib/rack/cache/context.rb:185:in `lookup'
2013-05-11T08:01:00.940731+00:00 app[web.1]:   vendor/bundle/ruby/1.9.1/gems/rack-cache-1.2/lib/rack/cache/context.rb:66:in `call!'
2013-05-11T08:01:00.940517+00:00 app[web.1]:   vendor/bundle/ruby/1.9.1/gems/railties-3.2.11/lib/rails/rack/logger.rb:16:in `call'
2013-05-11T08:01:00.940731+00:00 app[web.1]:   vendor/bundle/ruby/1.9.1/gems/railties-3.2.11/lib/rails/engine.rb:479:in `call'
2013-05-11T08:01:00.940942+00:00 app[web.1]:   /usr/local/lib/ruby/1.9.1/webrick/httpserver.rb:111:in `service'
2013-05-11T08:01:00.940731+00:00 app[web.1]:   vendor/bundle/ruby/1.9.1/gems/rack-1.4.5/lib/rack/content_length.rb:14:in `call'
2013-05-11T08:01:00.940942+00:00 app[web.1]:   /usr/local/lib/ruby/1.9.1/webrick/httpserver.rb:70:in `run'
2013-05-11T08:01:00.940731+00:00 app[web.1]:   vendor/bundle/ruby/1.9.1/gems/railties-3.2.11/lib/rails/rack/log_tailer.rb:17:in `call'
2013-05-11T08:01:00.940731+00:00 app[web.1]:   vendor/bundle/ruby/1.9.1/gems/rack-cache-1.2/lib/rack/cache/context.rb:51:in `call'
2013-05-11T08:01:00.940942+00:00 app[web.1]:   vendor/bundle/ruby/1.9.1/gems/rack-1.4.5/lib/rack/handler/webrick.rb:59:in `service'
2013-05-11T08:01:00.940517+00:00 app[web.1]:   vendor/bundle/ruby/1.9.1/gems/actionpack-3.2.11/lib/action_dispatch/middleware/request_id.rb:22:in `call'
2013-05-11T08:01:00.940517+00:00 app[web.1]:   vendor/bundle/ruby/1.9.1/gems/rack-1.4.5/lib/rack/methodoverride.rb:21:in `call'
2013-05-11T08:01:00.940517+00:00 app[web.1]:   vendor/bundle/ruby/1.9.1/gems/rack-1.4.5/lib/rack/runtime.rb:17:in `call'
2013-05-11T08:01:00.940731+00:00 app[web.1]:   vendor/bundle/ruby/1.9.1/gems/actionpack-3.2.11/lib/action_dispatch/middleware/static.rb:62:in `call'
2013-05-11T08:01:00.940731+00:00 app[web.1]:   vendor/bundle/ruby/1.9.1/gems/rack-cache-1.2/lib/rack/cache/context.rb:245:in `fetch'
2013-05-11T08:01:00.940942+00:00 app[web.1]: 
2013-05-11T08:01:00.940517+00:00 app[web.1]:   vendor/bundle/ruby/1.9.1/gems/activesupport-3.2.11/lib/active_support/cache/strategy/local_cache.rb:72:in `call'
2013-05-11T08:01:00.940731+00:00 app[web.1]:   vendor/bundle/ruby/1.9.1/gems/railties-3.2.11/lib/rails/application.rb:223:in `call'
2013-05-11T08:01:00.940942+00:00 app[web.1]:   /usr/local/lib/ruby/1.9.1/webrick/server.rb:183:in `block in start_thread'
2013-05-11T08:01:00.940942+00:00 app[web.1]: 
2013-05-11T08:01:00.936593+00:00 heroku[router]: at=info method=GET path=/ host=young-wildwood-7107.herokuapp.com fwd="121.82.154.52" dyno=web.1 connect=0ms service=11ms status=500 bytes=643
2013-05-11T08:08:46.827518+00:00 heroku[slugc]: Slug compilation started
2013-05-11T08:09:53.934871+00:00 heroku[api]: Deploy b06cdd9 by grooble@gmail.com
2013-05-11T08:09:53.971295+00:00 heroku[api]: Release v10 created by grooble@gmail.com
2013-05-11T08:09:54.044926+00:00 heroku[api]: Deploy b06cdd9 by grooble@gmail.com
2013-05-11T08:09:54.148251+00:00 heroku[web.1]: State changed from up to starting
2013-05-11T08:09:54.611377+00:00 heroku[slugc]: Slug compilation finished
2013-05-11T08:09:56.923731+00:00 heroku[web.1]: Stopping all processes with SIGTERM
2013-05-11T08:09:57.177043+00:00 heroku[web.1]: Starting process with command `bundle exec rails server -p 42979`
2013-05-11T08:09:57.575823+00:00 app[web.1]: 	/usr/local/lib/ruby/1.9.1/webrick/server.rb:90:in `select'
2013-05-11T08:09:57.575823+00:00 app[web.1]: [2013-05-11 08:09:57] ERROR SignalException: SIGTERM
2013-05-11T08:10:02.657946+00:00 app[web.1]: DEPRECATION WARNING: You have Rails 2.3-style plugins in vendor/plugins! Support for these plugins will be removed in Rails 4.0. Move them out and bundle them in your Gemfile, or fold them in to your app as lib/myplugin/* and config/initializers/myplugin.rb. See the release notes for more on this: http://weblog.rubyonrails.org/2012/1/4/rails-3-2-0-rc2-has-been-released. (called from <top (required)> at /app/config/environment.rb:5)
2013-05-11T08:10:02.658515+00:00 app[web.1]: DEPRECATION WARNING: You have Rails 2.3-style plugins in vendor/plugins! Support for these plugins will be removed in Rails 4.0. Move them out and bundle them in your Gemfile, or fold them in to your app as lib/myplugin/* and config/initializers/myplugin.rb. See the release notes for more on this: http://weblog.rubyonrails.org/2012/1/4/rails-3-2-0-rc2-has-been-released. (called from <top (required)> at /app/config/environment.rb:5)
2013-05-11T08:10:07.278506+00:00 app[web.1]: => Booting WEBrick
2013-05-11T08:10:07.278506+00:00 app[web.1]: => Ctrl-C to shutdown server
2013-05-11T08:10:07.278506+00:00 app[web.1]: => Call with -d to detach
2013-05-11T08:10:07.278506+00:00 app[web.1]: Connecting to database specified by DATABASE_URL
2013-05-11T08:10:07.278506+00:00 app[web.1]: => Rails 3.2.11 application starting in production on http://0.0.0.0:42979
2013-05-11T08:10:07.405746+00:00 heroku[web.1]: Error R12 (Exit timeout) -> At least one process failed to exit within 10 seconds of SIGTERM
2013-05-11T08:10:07.405900+00:00 heroku[web.1]: Stopping remaining processes with SIGKILL
2013-05-11T08:10:07.872942+00:00 app[web.1]: [2013-05-11 08:10:07] INFO  WEBrick::HTTPServer#start: pid=2 port=42979
2013-05-11T08:10:07.872364+00:00 app[web.1]: [2013-05-11 08:10:07] INFO  ruby 1.9.2 (2011-07-09) [x86_64-linux]
2013-05-11T08:10:07.872109+00:00 app[web.1]: [2013-05-11 08:10:07] INFO  WEBrick 1.3.1
2013-05-11T08:10:08.178472+00:00 heroku[web.1]: State changed from starting to up
2013-05-11T08:10:09.194049+00:00 heroku[web.1]: Process exited with status 137
2013-05-11T09:18:41.533885+00:00 heroku[web.1]: Idling
2013-05-11T09:18:47.324315+00:00 heroku[web.1]: Stopping all processes with SIGTERM
2013-05-11T09:18:49.862924+00:00 app[web.1]: [2013-05-11 09:18:49] ERROR SignalException: SIGTERM
2013-05-11T09:18:49.862924+00:00 app[web.1]: 	/usr/local/lib/ruby/1.9.1/webrick/server.rb:90:in `select'
2013-05-11T09:18:54.994307+00:00 heroku[web.1]: Error R12 (Exit timeout) -> At least one process failed to exit within 10 seconds of SIGTERM
2013-05-11T09:18:54.994494+00:00 heroku[web.1]: Stopping remaining processes with SIGKILL
2013-05-11T09:18:57.293072+00:00 heroku[web.1]: Process exited with status 137
2013-05-11T09:18:57.365545+00:00 heroku[web.1]: State changed from up to down
2013-05-13T12:25:04.103066+00:00 heroku[api]: Starting process with command `bundle exec rake db:reset` by grooble@gmail.com
2013-05-13T12:25:06.201321+00:00 heroku[run.4286]: Awaiting client
2013-05-13T12:25:06.383964+00:00 heroku[run.4286]: Starting process with command `bundle exec rake db:reset`
2013-05-13T12:25:07.603358+00:00 heroku[run.4286]: State changed from starting to up
2013-05-13T12:25:13.781413+00:00 heroku[run.4286]: Client connection closed. Sending SIGHUP to all processes
2013-05-13T12:25:14.934412+00:00 heroku[run.4286]: State changed from up to complete
2013-05-13T12:25:14.885386+00:00 heroku[run.4286]: Process exited with status 0
2013-05-13T12:25:37.974686+00:00 heroku[api]: Starting process with command `bundle exec rake db:populate` by grooble@gmail.com
2013-05-13T12:25:40.667317+00:00 heroku[run.9545]: Awaiting client
2013-05-13T12:25:40.700486+00:00 heroku[run.9545]: Starting process with command `bundle exec rake db:populate`
2013-05-13T12:25:41.552977+00:00 heroku[run.9545]: State changed from starting to up
2013-05-13T12:26:06.889097+00:00 heroku[run.9545]: Process exited with status 0
2013-05-13T12:26:06.942192+00:00 heroku[run.9545]: State changed from up to complete
2013-05-13T12:26:33.278003+00:00 heroku[api]: Starting process with command `bundle exec rake import` by grooble@gmail.com
2013-05-13T12:26:36.127688+00:00 heroku[run.4286]: Awaiting client
2013-05-13T12:26:36.159597+00:00 heroku[run.4286]: Starting process with command `bundle exec rake import`
2013-05-13T12:26:37.321405+00:00 heroku[run.4286]: State changed from starting to up
2013-05-13T12:26:48.956828+00:00 heroku[run.4286]: Client connection closed. Sending SIGHUP to all processes
2013-05-13T12:26:50.232519+00:00 heroku[run.4286]: Process exited with status 0
2013-05-13T12:26:50.249327+00:00 heroku[run.4286]: State changed from up to complete
2013-05-13T12:27:55.532698+00:00 heroku[web.1]: Unidling
2013-05-13T12:27:55.533144+00:00 heroku[web.1]: State changed from down to starting
2013-05-13T12:28:05.139490+00:00 heroku[web.1]: State changed from starting to up
2013-05-13T12:28:08.227362+00:00 heroku[router]: at=info method=GET path=/ host=young-wildwood-7107.herokuapp.com fwd="121.82.154.52" dyno=web.1 connect=3ms service=617ms status=500 bytes=643
