2013-04-15T20:50:14.801127+00:00 heroku[api]: Enable Logplex by grooble@gmail.com
2013-04-15T20:50:14.837861+00:00 heroku[api]: Release v2 created by grooble@gmail.com
2013-04-15T21:08:30.730659+00:00 heroku[slugc]: Slug compilation started
2013-04-15T21:09:51.917364+00:00 heroku[api]: Scale to web=1 by grooble@gmail.com
2013-04-15T21:09:52.375903+00:00 heroku[web.1]: Starting process with command `bundle exec rails server -p 11333`
2013-04-15T21:09:52.934301+00:00 heroku[api]: Attach HEROKU_POSTGRESQL_COBALT resource by grooble@gmail.com
2013-04-15T21:09:52.949094+00:00 heroku[api]: Release v3 created by grooble@gmail.com
2013-04-15T21:09:53.038328+00:00 heroku[api]: Add DATABASE_URL config by grooble@gmail.com
2013-04-15T21:09:53.027357+00:00 app[web.1]: bash: bundle: command not found
2013-04-15T21:09:53.060657+00:00 heroku[api]: Release v4 created by grooble@gmail.com
2013-04-15T21:09:53.140375+00:00 heroku[api]: Add  config by grooble@gmail.com
2013-04-15T21:09:53.174826+00:00 heroku[api]: Release v5 created by grooble@gmail.com
2013-04-15T21:09:53.270817+00:00 heroku[api]: Release v6 created by grooble@gmail.com
2013-04-15T21:09:53.343643+00:00 heroku[api]: Deploy 43abe5c by grooble@gmail.com
2013-04-15T21:09:53.879200+00:00 heroku[slugc]: Slug compilation finished
2013-04-15T21:09:54.264719+00:00 heroku[web.1]: Process exited with status 127
2013-04-15T21:09:54.754135+00:00 heroku[web.1]: Starting process with command `bundle exec rails server -p 46499`
2013-04-15T21:09:58.020808+00:00 app[web.1]: DEPRECATION WARNING: You have Rails 2.3-style plugins in vendor/plugins! Support for these plugins will be removed in Rails 4.0. Move them out and bundle them in your Gemfile, or fold them in to your app as lib/myplugin/* and config/initializers/myplugin.rb. See the release notes for more on this: http://weblog.rubyonrails.org/2012/1/4/rails-3-2-0-rc2-has-been-released. (called from <top (required)> at /app/config/environment.rb:5)
2013-04-15T21:09:58.020808+00:00 app[web.1]: DEPRECATION WARNING: You have Rails 2.3-style plugins in vendor/plugins! Support for these plugins will be removed in Rails 4.0. Move them out and bundle them in your Gemfile, or fold them in to your app as lib/myplugin/* and config/initializers/myplugin.rb. See the release notes for more on this: http://weblog.rubyonrails.org/2012/1/4/rails-3-2-0-rc2-has-been-released. (called from <top (required)> at /app/config/environment.rb:5)
2013-04-15T21:09:58.020972+00:00 app[web.1]: DEPRECATION WARNING: You have Rails 2.3-style plugins in vendor/plugins! Support for these plugins will be removed in Rails 4.0. Move them out and bundle them in your Gemfile, or fold them in to your app as lib/myplugin/* and config/initializers/myplugin.rb. See the release notes for more on this: http://weblog.rubyonrails.org/2012/1/4/rails-3-2-0-rc2-has-been-released. (called from <top (required)> at /app/config/environment.rb:5)
2013-04-15T21:10:02.434993+00:00 app[web.1]: => Ctrl-C to shutdown server
2013-04-15T21:10:02.434993+00:00 app[web.1]: Connecting to database specified by DATABASE_URL
2013-04-15T21:10:02.434993+00:00 app[web.1]: => Booting WEBrick
2013-04-15T21:10:02.434993+00:00 app[web.1]: => Rails 3.2.11 application starting in production on http://0.0.0.0:46499
2013-04-15T21:10:02.434993+00:00 app[web.1]: => Call with -d to detach
2013-04-15T21:10:02.913922+00:00 app[web.1]: [2013-04-15 21:10:02] INFO  WEBrick 1.3.1
2013-04-15T21:10:02.913922+00:00 app[web.1]: [2013-04-15 21:10:02] INFO  ruby 1.9.2 (2011-07-09) [x86_64-linux]
2013-04-15T21:10:02.914212+00:00 app[web.1]: [2013-04-15 21:10:02] INFO  WEBrick::HTTPServer#start: pid=2 port=46499
2013-04-15T21:10:03.289923+00:00 heroku[web.1]: State changed from starting to up
2013-04-15T21:10:49.421870+00:00 app[web.1]: Started GET "/" for 58.188.215.221 at 2013-04-15 21:10:49 +0000
2013-04-15T21:10:49.720233+00:00 heroku[router]: at=info method=GET path=/ host=young-wildwood-7107.herokuapp.com fwd="58.188.215.221" dyno=web.1 connect=1ms service=315ms status=500 bytes=643
2013-04-15T21:10:49.719524+00:00 app[web.1]: 
2013-04-15T21:10:49.717784+00:00 app[web.1]: Completed 500 Internal Server Error in 7ms
2013-04-15T21:10:49.719524+00:00 app[web.1]: LINE 5:              WHERE a.attrelid = '"users"'::regclass
2013-04-15T21:10:49.719524+00:00 app[web.1]: ActiveRecord::StatementInvalid (PGError: ERROR:  relation "users" does not exist
2013-04-15T21:10:49.719787+00:00 app[web.1]:   app/helpers/sessions_helper.rb:17:in `current_user'
2013-04-15T21:10:49.719787+00:00 app[web.1]: 
2013-04-15T21:10:49.719524+00:00 app[web.1]:                 ON a.attrelid = d.adrelid AND a.attnum = d.adnum
2013-04-15T21:10:49.719787+00:00 app[web.1]:   app/helpers/sessions_helper.rb:9:in `signed_in?'
2013-04-15T21:10:49.719524+00:00 app[web.1]:              WHERE a.attrelid = '"users"'::regclass
2013-04-15T21:10:49.719524+00:00 app[web.1]:                AND a.attnum > 0 AND NOT a.attisdropped
2013-04-15T21:10:49.719787+00:00 app[web.1]: 
2013-04-15T21:10:49.719524+00:00 app[web.1]:                      pg_get_expr(d.adbin, d.adrelid), a.attnotnull, a.atttypid, a.atttypmod
2013-04-15T21:10:49.719524+00:00 app[web.1]: :             SELECT a.attname, format_type(a.atttypid, a.atttypmod),
2013-04-15T21:10:49.719787+00:00 app[web.1]:   app/controllers/static_pages_controller.rb:3:in `home'
2013-04-15T21:10:49.719524+00:00 app[web.1]:                                         ^
2013-04-15T21:10:49.710549+00:00 app[web.1]: Processing by StaticPagesController#home as HTML
2013-04-15T21:10:49.719524+00:00 app[web.1]:               FROM pg_attribute a LEFT JOIN pg_attrdef d
2013-04-15T21:10:49.719787+00:00 app[web.1]: ):
2013-04-15T21:10:49.719787+00:00 app[web.1]:              ORDER BY a.attnum
2013-04-15T21:10:50.035593+00:00 heroku[router]: at=info method=GET path=/favicon.ico host=young-wildwood-7107.herokuapp.com fwd="58.188.215.221" dyno=web.1 connect=1ms service=46ms status=200 bytes=0
2013-04-15T21:28:57.108025+00:00 heroku[slugc]: Slug compilation started
2013-04-15T21:30:18.288429+00:00 heroku[api]: Release v7 created by grooble@gmail.com
2013-04-15T21:30:18.349014+00:00 heroku[api]: Deploy fe390aa by grooble@gmail.com
2013-04-15T21:30:18.444598+00:00 heroku[web.1]: State changed from up to starting
2013-04-15T21:30:18.967504+00:00 heroku[slugc]: Slug compilation finished
2013-04-15T21:30:20.210894+00:00 heroku[web.1]: Starting process with command `bundle exec rails server -p 23258`
2013-04-15T21:30:21.719622+00:00 heroku[web.1]: Stopping all processes with SIGTERM
2013-04-15T21:30:22.544821+00:00 app[web.1]: 	/usr/local/lib/ruby/1.9.1/webrick/server.rb:90:in `select'
2013-04-15T21:30:22.544821+00:00 app[web.1]: [2013-04-15 21:30:22] ERROR SignalException: SIGTERM
2013-04-15T21:30:23.626387+00:00 heroku[web.1]: Stopping all processes with SIGTERM
2013-04-15T21:30:24.048385+00:00 app[web.1]: DEPRECATION WARNING: You have Rails 2.3-style plugins in vendor/plugins! Support for these plugins will be removed in Rails 4.0. Move them out and bundle them in your Gemfile, or fold them in to your app as lib/myplugin/* and config/initializers/myplugin.rb. See the release notes for more on this: http://weblog.rubyonrails.org/2012/1/4/rails-3-2-0-rc2-has-been-released. (called from <top (required)> at /app/config/environment.rb:5)
2013-04-15T21:30:24.048385+00:00 app[web.1]: DEPRECATION WARNING: You have Rails 2.3-style plugins in vendor/plugins! Support for these plugins will be removed in Rails 4.0. Move them out and bundle them in your Gemfile, or fold them in to your app as lib/myplugin/* and config/initializers/myplugin.rb. See the release notes for more on this: http://weblog.rubyonrails.org/2012/1/4/rails-3-2-0-rc2-has-been-released. (called from <top (required)> at /app/config/environment.rb:5)
2013-04-15T21:30:24.474956+00:00 app[web.1]: 	/usr/local/lib/ruby/1.9.1/webrick/server.rb:90:in `select'
2013-04-15T21:30:24.474956+00:00 app[web.1]: [2013-04-15 21:30:24] ERROR SignalException: SIGTERM
2013-04-15T21:30:27.460122+00:00 app[
web.1]: => Ctrl-C to shutdown server
2013-04-15T21:30:27.460122+00:00 app[web.1]: Connecting to database specified by DATABASE_URL
2013-04-15T21:30:27.460122+00:00 app[web.1]: => Call with -d to detach
2013-04-15T21:30:27.460122+00:00 app[web.1]: => Booting WEBrick
2013-04-15T21:30:27.460122+00:00 app[web.1]: => Rails 3.2.11 application starting in production on http://0.0.0.0:23258
2013-04-15T21:30:27.828730+00:00 app[web.1]: [2013-04-15 21:30:27] INFO  WEBrick 1.3.1
2013-04-15T21:30:27.828730+00:00 app[web.1]: [2013-04-15 21:30:27] INFO  ruby 1.9.2 (2011-07-09) [x86_64-linux]
2013-04-15T21:30:27.829032+00:00 app[web.1]: [2013-04-15 21:30:27] INFO  WEBrick::HTTPServer#start: pid=2 port=23258
2013-04-15T21:30:27.993921+00:00 heroku[web.1]: State changed from starting to up
2013-04-15T21:30:31.194971+00:00 heroku[web.1]: Error R12 (Exit timeout) -> At least one process failed to exit within 10 seconds of SIGTERM
2013-04-15T21:30:31.195138+00:00 heroku[web.1]: Stopping remaining processes with SIGKILL
2013-04-15T21:30:33.187216+00:00 heroku[web.1]: Process exited with status 137
2013-04-15T21:46:05.423756+00:00 heroku[router]: at=info method=GET path=/ host=young-wildwood-7107.herokuapp.com fwd="58.188.215.221" dyno=web.1 connect=0ms service=335ms status=500 bytes=643
2013-04-15T21:46:05.419320+00:00 app[web.1]:              WHERE a.attrelid = '"users"'::regclass
2013-04-15T21:46:05.102643+00:00 app[web.1]: Started GET "/" for 58.188.215.221 at 2013-04-15 21:46:05 +0000
2013-04-15T21:46:05.419320+00:00 app[web.1]:                AND a.attnum > 0 AND NOT a.attisdropped
2013-04-15T21:46:05.419594+00:00 app[web.1]:              ORDER BY a.attnum
2013-04-15T21:46:05.419594+00:00 app[web.1]: ):
2013-04-15T21:46:05.419594+00:00 app[web.1]:   app/helpers/sessions_helper.rb:17:in `current_user'
2013-04-15T21:46:05.419594+00:00 app[web.1]:   app/helpers/sessions_helper.rb:9:in `signed_in?'
2013-04-15T21:46:05.419594+00:00 app[web.1]:   app/controllers/static_pages_controller.rb:3:in `home'
2013-04-15T21:46:05.419594+00:00 app[web.1]: 
2013-04-15T21:46:05.419594+00:00 app[web.1]: 
2013-04-15T21:46:05.417275+00:00 app[web.1]: Completed 500 Internal Server Error in 24ms
2013-04-15T21:46:05.419320+00:00 app[web.1]: 
2013-04-15T21:46:05.419320+00:00 app[web.1]: ActiveRecord::StatementInvalid (PG::Error: ERROR:  relation "users" does not exist
2013-04-15T21:46:05.419320+00:00 app[web.1]: LINE 5:              WHERE a.attrelid = '"users"'::regclass
2013-04-15T21:46:05.419320+00:00 app[web.1]:                                         ^
2013-04-15T21:46:05.419320+00:00 app[web.1]: :             SELECT a.attname, format_type(a.atttypid, a.atttypmod),
2013-04-15T21:46:05.419320+00:00 app[web.1]:                      pg_get_expr(d.adbin, d.adrelid), a.attnotnull, a.atttypid, a.atttypmod
2013-04-15T21:46:05.419320+00:00 app[web.1]:               FROM pg_attribute a LEFT JOIN pg_attrdef d
2013-04-15T21:46:05.419320+00:00 app[web.1]:                 ON a.attrelid = d.adrelid AND a.attnum = d.adnum
2013-04-15T21:46:05.392873+00:00 app[web.1]: Processing by StaticPagesController#home as HTML
